==28722== Memcheck, a memory error detector
==28722== Copyright (C) 2002-2017, and GNU GPL'd, by Julian Seward et al.
==28722== Using Valgrind-3.13.0 and LibVEX; rerun with -h for copyright info
==28722== Command: /rhome/a/amulalic1/workspace/UUP/T8/Z4/.runme
==28722== Parent PID: 28718
==28722== 
==28722== 
==28722== Process terminating with default action of signal 1 (SIGHUP)
==28722==    at 0x514E081: read (read.c:27)
==28722==    by 0x50CB147: _IO_file_underflow@@GLIBC_2.2.5 (fileops.c:531)
==28722==    by 0x50CC3F1: _IO_default_uflow (genops.c:380)
==28722==    by 0x50A9BE9: _IO_vfscanf (vfscanf.c:630)
==28722==    by 0x50B9FD7: __isoc99_scanf (isoc99_scanf.c:37)
==28722==    by 0x1087FB: main (main.c:30)
==28722== 
==28722== HEAP SUMMARY:
==28722==     in use at exit: 0 bytes in 0 blocks
==28722==   total heap usage: 1 allocs, 1 frees, 1,024 bytes allocated
==28722== 
==28722== All heap blocks were freed -- no leaks are possible
==28722== 
==28722== For counts of detected and suppressed errors, rerun with: -v
==28722== ERROR SUMMARY: 0 errors from 0 contexts (suppressed: 0 from 0)
