==8749== Memcheck, a memory error detector
==8749== Copyright (C) 2002-2017, and GNU GPL'd, by Julian Seward et al.
==8749== Using Valgrind-3.13.0 and LibVEX; rerun with -h for copyright info
==8749== Command: /rhome/a/amulalic1/workspace/UUP/T2/Z4/.runme
==8749== Parent PID: 8738
==8749== 
==8749== 
==8749== Process terminating with default action of signal 1 (SIGHUP)
==8749==    at 0x514E081: read (read.c:27)
==8749==    by 0x50CB147: _IO_file_underflow@@GLIBC_2.2.5 (fileops.c:531)
==8749==    by 0x50CC3F1: _IO_default_uflow (genops.c:380)
==8749==    by 0x50A9BE9: _IO_vfscanf (vfscanf.c:630)
==8749==    by 0x50B9FD7: __isoc99_scanf (isoc99_scanf.c:37)
==8749==    by 0x1087B1: main (main.c:9)
==8749== 
==8749== HEAP SUMMARY:
==8749==     in use at exit: 0 bytes in 0 blocks
==8749==   total heap usage: 1 allocs, 1 frees, 1,024 bytes allocated
==8749== 
==8749== All heap blocks were freed -- no leaks are possible
==8749== 
==8749== For counts of detected and suppressed errors, rerun with: -v
==8749== ERROR SUMMARY: 0 errors from 0 contexts (suppressed: 0 from 0)
