==17116== Memcheck, a memory error detector
==17116== Copyright (C) 2002-2017, and GNU GPL'd, by Julian Seward et al.
==17116== Using Valgrind-3.13.0 and LibVEX; rerun with -h for copyright info
==17116== Command: /rhome/a/amulalic1/workspace/UUP/T12/Z4/.runme
==17116== Parent PID: 17102
==17116== 
==17116== 
==17116== Process terminating with default action of signal 15 (SIGTERM)
==17116==    at 0x514E081: read (read.c:27)
==17116==    by 0x50CB147: _IO_file_underflow@@GLIBC_2.2.5 (fileops.c:531)
==17116==    by 0x50CC3F1: _IO_default_uflow (genops.c:380)
==17116==    by 0x10884D: unesi (main.c:4)
==17116==    by 0x1089AA: main (main.c:53)
==17116== 
==17116== HEAP SUMMARY:
==17116==     in use at exit: 0 bytes in 0 blocks
==17116==   total heap usage: 1 allocs, 1 frees, 1,024 bytes allocated
==17116== 
==17116== All heap blocks were freed -- no leaks are possible
==17116== 
==17116== For counts of detected and suppressed errors, rerun with: -v
==17116== ERROR SUMMARY: 0 errors from 0 contexts (suppressed: 0 from 0)
