==28503== Memcheck, a memory error detector
==28503== Copyright (C) 2002-2017, and GNU GPL'd, by Julian Seward et al.
==28503== Using Valgrind-3.13.0 and LibVEX; rerun with -h for copyright info
==28503== Command: /rhome/a/amulalic1/workspace/UUP/Z1/Z4/.runme
==28503== Parent PID: 28489
==28503== 
==28503== 
==28503== Process terminating with default action of signal 15 (SIGTERM)
==28503==    at 0x514E081: read (read.c:27)
==28503==    by 0x50CB147: _IO_file_underflow@@GLIBC_2.2.5 (fileops.c:531)
==28503==    by 0x50CC3F1: _IO_default_uflow (genops.c:380)
==28503==    by 0x50A9BE9: _IO_vfscanf (vfscanf.c:630)
==28503==    by 0x50B9FD7: __isoc99_scanf (isoc99_scanf.c:37)
==28503==    by 0x10880C: main (main.c:25)
==28503== 
==28503== HEAP SUMMARY:
==28503==     in use at exit: 0 bytes in 0 blocks
==28503==   total heap usage: 1 allocs, 1 frees, 1,024 bytes allocated
==28503== 
==28503== All heap blocks were freed -- no leaks are possible
==28503== 
==28503== For counts of detected and suppressed errors, rerun with: -v
==28503== ERROR SUMMARY: 0 errors from 0 contexts (suppressed: 0 from 0)
