==15906== Memcheck, a memory error detector
==15906== Copyright (C) 2002-2017, and GNU GPL'd, by Julian Seward et al.
==15906== Using Valgrind-3.13.0 and LibVEX; rerun with -h for copyright info
==15906== Command: /rhome/a/amulalic1/workspace/UUP/T10/Z4/.runme
==15906== Parent PID: 15901
==15906== 
==15906== 
==15906== Process terminating with default action of signal 1 (SIGHUP)
==15906==    at 0x514E07F: read (read.c:27)
==15906==    by 0x50CB147: _IO_file_underflow@@GLIBC_2.2.5 (fileops.c:531)
==15906==    by 0x50CC3F1: _IO_default_uflow (genops.c:380)
==15906==    by 0x108740: unesi (main.c:13)
==15906==    by 0x108979: main (main.c:65)
==15906== 
==15906== HEAP SUMMARY:
==15906==     in use at exit: 0 bytes in 0 blocks
==15906==   total heap usage: 1 allocs, 1 frees, 1,024 bytes allocated
==15906== 
==15906== All heap blocks were freed -- no leaks are possible
==15906== 
==15906== For counts of detected and suppressed errors, rerun with: -v
==15906== ERROR SUMMARY: 0 errors from 0 contexts (suppressed: 0 from 0)
