==30964== Memcheck, a memory error detector
==30964== Copyright (C) 2002-2017, and GNU GPL'd, by Julian Seward et al.
==30964== Using Valgrind-3.13.0 and LibVEX; rerun with -h for copyright info
==30964== Command: /rhome/a/amulalic1/workspace/UUP/T5/Z5/.runme
==30964== Parent PID: 30960
==30964== 
==30964== 
==30964== Process terminating with default action of signal 1 (SIGHUP)
==30964==    at 0x514E07F: read (read.c:27)
==30964==    by 0x50CB147: _IO_file_underflow@@GLIBC_2.2.5 (fileops.c:531)
==30964==    by 0x50CC3F1: _IO_default_uflow (genops.c:380)
==30964==    by 0x50A9BE9: _IO_vfscanf (vfscanf.c:630)
==30964==    by 0x50B9FD7: __isoc99_scanf (isoc99_scanf.c:37)
==30964==    by 0x108787: main (main.c:13)
==30964== 
==30964== HEAP SUMMARY:
==30964==     in use at exit: 0 bytes in 0 blocks
==30964==   total heap usage: 1 allocs, 1 frees, 1,024 bytes allocated
==30964== 
==30964== All heap blocks were freed -- no leaks are possible
==30964== 
==30964== For counts of detected and suppressed errors, rerun with: -v
==30964== ERROR SUMMARY: 0 errors from 0 contexts (suppressed: 0 from 0)
