==29972== Memcheck, a memory error detector
==29972== Copyright (C) 2002-2017, and GNU GPL'd, by Julian Seward et al.
==29972== Using Valgrind-3.13.0 and LibVEX; rerun with -h for copyright info
==29972== Command: /rhome/a/amulalic1/workspace/UUP/T6/Z3/.runme
==29972== Parent PID: 29960
==29972== 
==29972== 
==29972== Process terminating with default action of signal 1 (SIGHUP)
==29972==    at 0x514E081: read (read.c:27)
==29972==    by 0x50CB147: _IO_file_underflow@@GLIBC_2.2.5 (fileops.c:531)
==29972==    by 0x50CC3F1: _IO_default_uflow (genops.c:380)
==29972==    by 0x50A9BE9: _IO_vfscanf (vfscanf.c:630)
==29972==    by 0x50B9FD7: __isoc99_scanf (isoc99_scanf.c:37)
==29972==    by 0x108834: main (main.c:17)
==29972== 
==29972== HEAP SUMMARY:
==29972==     in use at exit: 0 bytes in 0 blocks
==29972==   total heap usage: 1 allocs, 1 frees, 1,024 bytes allocated
==29972== 
==29972== All heap blocks were freed -- no leaks are possible
==29972== 
==29972== For counts of detected and suppressed errors, rerun with: -v
==29972== ERROR SUMMARY: 0 errors from 0 contexts (suppressed: 0 from 0)
