==6579== Memcheck, a memory error detector
==6579== Copyright (C) 2002-2017, and GNU GPL'd, by Julian Seward et al.
==6579== Using Valgrind-3.13.0 and LibVEX; rerun with -h for copyright info
==6579== Command: /rhome/a/amulalic1/workspace/UUP/T7/Z1/.runme
==6579== Parent PID: 6574
==6579== 
==6579== 
==6579== Process terminating with default action of signal 1 (SIGHUP)
==6579==    at 0x514E081: read (read.c:27)
==6579==    by 0x50CB147: _IO_file_underflow@@GLIBC_2.2.5 (fileops.c:531)
==6579==    by 0x50CC3F1: _IO_default_uflow (genops.c:380)
==6579==    by 0x50A9BE9: _IO_vfscanf (vfscanf.c:630)
==6579==    by 0x50B9FD7: __isoc99_scanf (isoc99_scanf.c:37)
==6579==    by 0x108840: main (main.c:16)
==6579== 
==6579== HEAP SUMMARY:
==6579==     in use at exit: 0 bytes in 0 blocks
==6579==   total heap usage: 1 allocs, 1 frees, 1,024 bytes allocated
==6579== 
==6579== All heap blocks were freed -- no leaks are possible
==6579== 
==6579== For counts of detected and suppressed errors, rerun with: -v
==6579== ERROR SUMMARY: 0 errors from 0 contexts (suppressed: 0 from 0)
