==2711== Memcheck, a memory error detector
==2711== Copyright (C) 2002-2017, and GNU GPL'd, by Julian Seward et al.
==2711== Using Valgrind-3.13.0 and LibVEX; rerun with -h for copyright info
==2711== Command: /rhome/a/amulalic1/workspace/UUP/Z2/Z2/.runme
==2711== Parent PID: 2698
==2711== 
==2711== 
==2711== Process terminating with default action of signal 1 (SIGHUP)
==2711==    at 0x514E081: read (read.c:27)
==2711==    by 0x50CB147: _IO_file_underflow@@GLIBC_2.2.5 (fileops.c:531)
==2711==    by 0x50CC3F1: _IO_default_uflow (genops.c:380)
==2711==    by 0x50A9BE9: _IO_vfscanf (vfscanf.c:630)
==2711==    by 0x50B9FD7: __isoc99_scanf (isoc99_scanf.c:37)
==2711==    by 0x109EA6: main (main.c:307)
==2711== 
==2711== HEAP SUMMARY:
==2711==     in use at exit: 0 bytes in 0 blocks
==2711==   total heap usage: 1 allocs, 1 frees, 1,024 bytes allocated
==2711== 
==2711== All heap blocks were freed -- no leaks are possible
==2711== 
==2711== For counts of detected and suppressed errors, rerun with: -v
==2711== ERROR SUMMARY: 0 errors from 0 contexts (suppressed: 0 from 0)
