==26742== Memcheck, a memory error detector
==26742== Copyright (C) 2002-2017, and GNU GPL'd, by Julian Seward et al.
==26742== Using Valgrind-3.13.0 and LibVEX; rerun with -h for copyright info
==26742== Command: /rhome/a/amulalic1/workspace/UUP/T13/Z2/.runme
==26742== Parent PID: 26725
==26742== 
==26742== 
==26742== HEAP SUMMARY:
==26742==     in use at exit: 552 bytes in 1 blocks
==26742==   total heap usage: 5 allocs, 4 frees, 18,040 bytes allocated
==26742== 
==26742== LEAK SUMMARY:
==26742==    definitely lost: 0 bytes in 0 blocks
==26742==    indirectly lost: 0 bytes in 0 blocks
==26742==      possibly lost: 0 bytes in 0 blocks
==26742==    still reachable: 552 bytes in 1 blocks
==26742==         suppressed: 0 bytes in 0 blocks
==26742== Reachable blocks (those to which a pointer was found) are not shown.
==26742== To see them, rerun with: --leak-check=full --show-leak-kinds=all
==26742== 
==26742== For counts of detected and suppressed errors, rerun with: -v
==26742== ERROR SUMMARY: 0 errors from 0 contexts (suppressed: 0 from 0)
