==17849== Memcheck, a memory error detector
==17849== Copyright (C) 2002-2017, and GNU GPL'd, by Julian Seward et al.
==17849== Using Valgrind-3.13.0 and LibVEX; rerun with -h for copyright info
==17849== Command: /rhome/a/amulalic1/workspace/UUP/T12/Z5/.runme
==17849== Parent PID: 17821
==17849== 
==17849== 
==17849== Process terminating with default action of signal 1 (SIGHUP)
==17849==    at 0x514E152: write (write.c:27)
==17849==    by 0x50C91BC: _IO_file_write@@GLIBC_2.2.5 (fileops.c:1203)
==17849==    by 0x50C9B2E: new_do_write (fileops.c:457)
==17849==    by 0x50C9B2E: _IO_file_xsputn@@GLIBC_2.2.5 (fileops.c:1277)
==17849==    by 0x509C706: buffered_vfprintf (vfprintf.c:2350)
==17849==    by 0x5099725: vfprintf (vfprintf.c:1301)
==17849==    by 0x50A2F25: printf (printf.c:33)
==17849==    by 0x108A2D: main (main.c:61)
==17849== 
==17849== HEAP SUMMARY:
==17849==     in use at exit: 0 bytes in 0 blocks
==17849==   total heap usage: 1 allocs, 1 frees, 1,024 bytes allocated
==17849== 
==17849== All heap blocks were freed -- no leaks are possible
==17849== 
==17849== For counts of detected and suppressed errors, rerun with: -v
==17849== ERROR SUMMARY: 0 errors from 0 contexts (suppressed: 0 from 0)
