==28462== Memcheck, a memory error detector
==28462== Copyright (C) 2002-2017, and GNU GPL'd, by Julian Seward et al.
==28462== Using Valgrind-3.13.0 and LibVEX; rerun with -h for copyright info
==28462== Command: /rhome/a/amulalic1/workspace/UUP/ZSR10/Z4/.runme
==28462== Parent PID: 28458
==28462== 
==28462== 
==28462== Process terminating with default action of signal 11 (SIGSEGV): dumping core
==28462==  Bad permissions for mapped region at address 0x10876C
==28462==    at 0x108699: izbaci_viska_razmake (main.c:18)
==28462==    by 0x1086C0: main (main.c:29)
==28462== 
==28462== HEAP SUMMARY:
==28462==     in use at exit: 0 bytes in 0 blocks
==28462==   total heap usage: 0 allocs, 0 frees, 0 bytes allocated
==28462== 
==28462== All heap blocks were freed -- no leaks are possible
==28462== 
==28462== For counts of detected and suppressed errors, rerun with: -v
==28462== ERROR SUMMARY: 0 errors from 0 contexts (suppressed: 0 from 0)
