==22087== Memcheck, a memory error detector
==22087== Copyright (C) 2002-2017, and GNU GPL'd, by Julian Seward et al.
==22087== Using Valgrind-3.13.0 and LibVEX; rerun with -h for copyright info
==22087== Command: /rhome/a/amulalic1/workspace/UUP/T6/Z4/.runme
==22087== Parent PID: 22079
==22087== 
==22087== 
==22087== Process terminating with default action of signal 15 (SIGTERM)
==22087==    at 0x514E081: read (read.c:27)
==22087==    by 0x50CB147: _IO_file_underflow@@GLIBC_2.2.5 (fileops.c:531)
==22087==    by 0x50CC3F1: _IO_default_uflow (genops.c:380)
==22087==    by 0x50A9BE9: _IO_vfscanf (vfscanf.c:630)
==22087==    by 0x50B9FD7: __isoc99_scanf (isoc99_scanf.c:37)
==22087==    by 0x1087D8: main (main.c:27)
==22087== 
==22087== HEAP SUMMARY:
==22087==     in use at exit: 0 bytes in 0 blocks
==22087==   total heap usage: 1 allocs, 1 frees, 1,024 bytes allocated
==22087== 
==22087== All heap blocks were freed -- no leaks are possible
==22087== 
==22087== For counts of detected and suppressed errors, rerun with: -v
==22087== ERROR SUMMARY: 0 errors from 0 contexts (suppressed: 0 from 0)
