==26519== Memcheck, a memory error detector
==26519== Copyright (C) 2002-2017, and GNU GPL'd, by Julian Seward et al.
==26519== Using Valgrind-3.13.0 and LibVEX; rerun with -h for copyright info
==26519== Command: /rhome/a/amulalic1/workspace/UUP/T13/Z4/.runme
==26519== Parent PID: 26514
==26519== 
==26519== 
==26519== HEAP SUMMARY:
==26519==     in use at exit: 552 bytes in 1 blocks
==26519==   total heap usage: 5 allocs, 4 frees, 18,040 bytes allocated
==26519== 
==26519== LEAK SUMMARY:
==26519==    definitely lost: 0 bytes in 0 blocks
==26519==    indirectly lost: 0 bytes in 0 blocks
==26519==      possibly lost: 0 bytes in 0 blocks
==26519==    still reachable: 552 bytes in 1 blocks
==26519==         suppressed: 0 bytes in 0 blocks
==26519== Reachable blocks (those to which a pointer was found) are not shown.
==26519== To see them, rerun with: --leak-check=full --show-leak-kinds=all
==26519== 
==26519== For counts of detected and suppressed errors, rerun with: -v
==26519== ERROR SUMMARY: 0 errors from 0 contexts (suppressed: 0 from 0)
