==18595== Memcheck, a memory error detector
==18595== Copyright (C) 2002-2017, and GNU GPL'd, by Julian Seward et al.
==18595== Using Valgrind-3.13.0 and LibVEX; rerun with -h for copyright info
==18595== Command: /rhome/a/amulalic1/workspace/UUP/Z4/Z4/.runme
==18595== Parent PID: 18581
==18595== 
==18595== Conditional jump or move depends on uninitialised value(s)
==18595==    at 0x10899A: izracunaj (main.c:53)
==18595==    by 0x108E79: main (main.c:134)
==18595== 
==18595== 
==18595== HEAP SUMMARY:
==18595==     in use at exit: 0 bytes in 0 blocks
==18595==   total heap usage: 1 allocs, 1 frees, 1,024 bytes allocated
==18595== 
==18595== All heap blocks were freed -- no leaks are possible
==18595== 
==18595== For counts of detected and suppressed errors, rerun with: -v
==18595== Use --track-origins=yes to see where uninitialised values come from
==18595== ERROR SUMMARY: 1 errors from 1 contexts (suppressed: 0 from 0)
