==4404== Memcheck, a memory error detector
==4404== Copyright (C) 2002-2017, and GNU GPL'd, by Julian Seward et al.
==4404== Using Valgrind-3.13.0 and LibVEX; rerun with -h for copyright info
==4404== Command: /rhome/a/amulalic1/workspace/UUP/Z2/Z4/.runme
==4404== Parent PID: 4391
==4404== 
==4404== 
==4404== Process terminating with default action of signal 1 (SIGHUP)
==4404==    at 0x514E081: read (read.c:27)
==4404==    by 0x50CB147: _IO_file_underflow@@GLIBC_2.2.5 (fileops.c:531)
==4404==    by 0x50CC3F1: _IO_default_uflow (genops.c:380)
==4404==    by 0x50A9BE9: _IO_vfscanf (vfscanf.c:630)
==4404==    by 0x50B9FD7: __isoc99_scanf (isoc99_scanf.c:37)
==4404==    by 0x108843: main (main.c:19)
==4404== 
==4404== HEAP SUMMARY:
==4404==     in use at exit: 0 bytes in 0 blocks
==4404==   total heap usage: 1 allocs, 1 frees, 1,024 bytes allocated
==4404== 
==4404== All heap blocks were freed -- no leaks are possible
==4404== 
==4404== For counts of detected and suppressed errors, rerun with: -v
==4404== ERROR SUMMARY: 0 errors from 0 contexts (suppressed: 0 from 0)
