==30816== Memcheck, a memory error detector
==30816== Copyright (C) 2002-2017, and GNU GPL'd, by Julian Seward et al.
==30816== Using Valgrind-3.13.0 and LibVEX; rerun with -h for copyright info
==30816== Command: /rhome/a/amulalic1/workspace/UUP/T2/Z6/.runme
==30816== Parent PID: 30812
==30816== 
==30816== 
==30816== Process terminating with default action of signal 1 (SIGHUP)
==30816==    at 0x514E081: read (read.c:27)
==30816==    by 0x50CB147: _IO_file_underflow@@GLIBC_2.2.5 (fileops.c:531)
==30816==    by 0x50CC3F1: _IO_default_uflow (genops.c:380)
==30816==    by 0x50A9BE9: _IO_vfscanf (vfscanf.c:630)
==30816==    by 0x50B9FD7: __isoc99_scanf (isoc99_scanf.c:37)
==30816==    by 0x108768: main (main.c:8)
==30816== 
==30816== HEAP SUMMARY:
==30816==     in use at exit: 0 bytes in 0 blocks
==30816==   total heap usage: 1 allocs, 1 frees, 1,024 bytes allocated
==30816== 
==30816== All heap blocks were freed -- no leaks are possible
==30816== 
==30816== For counts of detected and suppressed errors, rerun with: -v
==30816== ERROR SUMMARY: 0 errors from 0 contexts (suppressed: 0 from 0)
