==11102== Memcheck, a memory error detector
==11102== Copyright (C) 2002-2017, and GNU GPL'd, by Julian Seward et al.
==11102== Using Valgrind-3.13.0 and LibVEX; rerun with -h for copyright info
==11102== Command: /rhome/a/amulalic1/workspace/UUP/T12/Z2/.runme
==11102== Parent PID: 11086
==11102== 
==11102== 
==11102== Process terminating with default action of signal 1 (SIGHUP)
==11102==    at 0x514E081: read (read.c:27)
==11102==    by 0x50CB147: _IO_file_underflow@@GLIBC_2.2.5 (fileops.c:531)
==11102==    by 0x50CC3F1: _IO_default_uflow (genops.c:380)
==11102==    by 0x50A9BE9: _IO_vfscanf (vfscanf.c:630)
==11102==    by 0x50B9FD7: __isoc99_scanf (isoc99_scanf.c:37)
==11102==    by 0x108859: main (main.c:10)
==11102== 
==11102== HEAP SUMMARY:
==11102==     in use at exit: 0 bytes in 0 blocks
==11102==   total heap usage: 1 allocs, 1 frees, 1,024 bytes allocated
==11102== 
==11102== All heap blocks were freed -- no leaks are possible
==11102== 
==11102== For counts of detected and suppressed errors, rerun with: -v
==11102== ERROR SUMMARY: 0 errors from 0 contexts (suppressed: 0 from 0)
