==5605== Memcheck, a memory error detector
==5605== Copyright (C) 2002-2017, and GNU GPL'd, by Julian Seward et al.
==5605== Using Valgrind-3.13.0 and LibVEX; rerun with -h for copyright info
==5605== Command: /rhome/a/amulalic1/workspace/UUP/T5/Z4/.runme
==5605== Parent PID: 5598
==5605== 
==5605== Conditional jump or move depends on uninitialised value(s)
==5605==    at 0x1087DA: main (main.c:8)
==5605== 
==5605== Conditional jump or move depends on uninitialised value(s)
==5605==    at 0x509A8DA: vfprintf (vfprintf.c:1642)
==5605==    by 0x509C67F: buffered_vfprintf (vfprintf.c:2329)
==5605==    by 0x5099725: vfprintf (vfprintf.c:1301)
==5605==    by 0x50A2F25: printf (printf.c:33)
==5605==    by 0x1087F5: main (main.c:22)
==5605== 
==5605== Use of uninitialised value of size 8
==5605==    at 0x509686B: _itoa_word (_itoa.c:179)
==5605==    by 0x5099F0D: vfprintf (vfprintf.c:1642)
==5605==    by 0x509C67F: buffered_vfprintf (vfprintf.c:2329)
==5605==    by 0x5099725: vfprintf (vfprintf.c:1301)
==5605==    by 0x50A2F25: printf (printf.c:33)
==5605==    by 0x1087F5: main (main.c:22)
==5605== 
==5605== Conditional jump or move depends on uninitialised value(s)
==5605==    at 0x5096875: _itoa_word (_itoa.c:179)
==5605==    by 0x5099F0D: vfprintf (vfprintf.c:1642)
==5605==    by 0x509C67F: buffered_vfprintf (vfprintf.c:2329)
==5605==    by 0x5099725: vfprintf (vfprintf.c:1301)
==5605==    by 0x50A2F25: printf (printf.c:33)
==5605==    by 0x1087F5: main (main.c:22)
==5605== 
==5605== Conditional jump or move depends on uninitialised value(s)
==5605==    at 0x509A014: vfprintf (vfprintf.c:1642)
==5605==    by 0x509C67F: buffered_vfprintf (vfprintf.c:2329)
==5605==    by 0x5099725: vfprintf (vfprintf.c:1301)
==5605==    by 0x50A2F25: printf (printf.c:33)
==5605==    by 0x1087F5: main (main.c:22)
==5605== 
==5605== Conditional jump or move depends on uninitialised value(s)
==5605==    at 0x509AB4C: vfprintf (vfprintf.c:1642)
==5605==    by 0x509C67F: buffered_vfprintf (vfprintf.c:2329)
==5605==    by 0x5099725: vfprintf (vfprintf.c:1301)
==5605==    by 0x50A2F25: printf (printf.c:33)
==5605==    by 0x1087F5: main (main.c:22)
==5605== 
==5605== 
==5605== HEAP SUMMARY:
==5605==     in use at exit: 0 bytes in 0 blocks
==5605==   total heap usage: 1 allocs, 1 frees, 1,024 bytes allocated
==5605== 
==5605== All heap blocks were freed -- no leaks are possible
==5605== 
==5605== For counts of detected and suppressed errors, rerun with: -v
==5605== Use --track-origins=yes to see where uninitialised values come from
==5605== ERROR SUMMARY: 32 errors from 6 contexts (suppressed: 0 from 0)
