==9097== Memcheck, a memory error detector
==9097== Copyright (C) 2002-2017, and GNU GPL'd, by Julian Seward et al.
==9097== Using Valgrind-3.13.0 and LibVEX; rerun with -h for copyright info
==9097== Command: /rhome/a/amulalic1/workspace/UUP/T7/Z2/.runme
==9097== Parent PID: 9084
==9097== 
==9097== 
==9097== Process terminating with default action of signal 1 (SIGHUP)
==9097==    at 0x514E081: read (read.c:27)
==9097==    by 0x50CB147: _IO_file_underflow@@GLIBC_2.2.5 (fileops.c:531)
==9097==    by 0x50CC3F1: _IO_default_uflow (genops.c:380)
==9097==    by 0x50A9BE9: _IO_vfscanf (vfscanf.c:630)
==9097==    by 0x50B9FD7: __isoc99_scanf (isoc99_scanf.c:37)
==9097==    by 0x10879D: main (main.c:22)
==9097== 
==9097== HEAP SUMMARY:
==9097==     in use at exit: 0 bytes in 0 blocks
==9097==   total heap usage: 1 allocs, 1 frees, 1,024 bytes allocated
==9097== 
==9097== All heap blocks were freed -- no leaks are possible
==9097== 
==9097== For counts of detected and suppressed errors, rerun with: -v
==9097== ERROR SUMMARY: 0 errors from 0 contexts (suppressed: 0 from 0)
