==10817== Memcheck, a memory error detector
==10817== Copyright (C) 2002-2017, and GNU GPL'd, by Julian Seward et al.
==10817== Using Valgrind-3.13.0 and LibVEX; rerun with -h for copyright info
==10817== Command: /rhome/a/amulalic1/workspace/UUP/T4/Z1/.runme
==10817== Parent PID: 10804
==10817== 
==10817== 
==10817== Process terminating with default action of signal 1 (SIGHUP)
==10817==    at 0x54EC081: read (read.c:27)
==10817==    by 0x5469147: _IO_file_underflow@@GLIBC_2.2.5 (fileops.c:531)
==10817==    by 0x546A3F1: _IO_default_uflow (genops.c:380)
==10817==    by 0x5447BE9: _IO_vfscanf (vfscanf.c:630)
==10817==    by 0x5457FD7: __isoc99_scanf (isoc99_scanf.c:37)
==10817==    by 0x1087D1: main (main.c:9)
==10817== 
==10817== HEAP SUMMARY:
==10817==     in use at exit: 0 bytes in 0 blocks
==10817==   total heap usage: 1 allocs, 1 frees, 1,024 bytes allocated
==10817== 
==10817== All heap blocks were freed -- no leaks are possible
==10817== 
==10817== For counts of detected and suppressed errors, rerun with: -v
==10817== ERROR SUMMARY: 0 errors from 0 contexts (suppressed: 0 from 0)
