[New LWP 31952]
Core was generated by `'.
Program terminated with signal SIGSEGV, Segmentation fault.
#0  0x000000000010874b in ?? ()
#0  0x000000000010874b in ?? ()
#1  0x0000001fff000940 in ?? ()
#2  0x00000000001087f6 in ?? ()
#3  0x0000000000000001 in ?? ()
#4  0x000000080010887d in ?? ()
#5  0x400000003f800000 in ?? ()
#6  0x4080000040400000 in ?? ()
#7  0x40c0000040a00000 in ?? ()
#8  0x4100000040e00000 in ?? ()
#9  0x0000001fff000a20 in ?? ()
#10 0x2989c460a48bd200 in ?? ()
#11 0x0000000000108830 in ?? ()
#12 0x000000000505fb97 in ?? ()
#13 0x00000000054262a0 in ?? ()
#14 0x0000001fff000a28 in ?? ()
#15 0x000000010542a760 in ?? ()
#16 0x000000000010878a in ?? ()
#17 0x0000000000000000 in ?? ()
