==29991== Memcheck, a memory error detector
==29991== Copyright (C) 2002-2017, and GNU GPL'd, by Julian Seward et al.
==29991== Using Valgrind-3.13.0 and LibVEX; rerun with -h for copyright info
==29991== Command: /rhome/a/amulalic1/workspace/UUP/T8/Z2/.runme
==29991== Parent PID: 29979
==29991== 
==29991== 
==29991== Process terminating with default action of signal 1 (SIGHUP)
==29991==    at 0x514E081: read (read.c:27)
==29991==    by 0x50CB147: _IO_file_underflow@@GLIBC_2.2.5 (fileops.c:531)
==29991==    by 0x50CC3F1: _IO_default_uflow (genops.c:380)
==29991==    by 0x50A9BE9: _IO_vfscanf (vfscanf.c:630)
==29991==    by 0x50B9FD7: __isoc99_scanf (isoc99_scanf.c:37)
==29991==    by 0x108832: main (main.c:36)
==29991== 
==29991== HEAP SUMMARY:
==29991==     in use at exit: 0 bytes in 0 blocks
==29991==   total heap usage: 1 allocs, 1 frees, 1,024 bytes allocated
==29991== 
==29991== All heap blocks were freed -- no leaks are possible
==29991== 
==29991== For counts of detected and suppressed errors, rerun with: -v
==29991== ERROR SUMMARY: 0 errors from 0 contexts (suppressed: 0 from 0)
