==22837== Memcheck, a memory error detector
==22837== Copyright (C) 2002-2017, and GNU GPL'd, by Julian Seward et al.
==22837== Using Valgrind-3.13.0 and LibVEX; rerun with -h for copyright info
==22837== Command: /rhome/a/amulalic1/workspace/UUP/T12/Z3/.runme
==22837== Parent PID: 22824
==22837== 
==22837== Conditional jump or move depends on uninitialised value(s)
==22837==    at 0x1088A0: main (main.c:24)
==22837== 
==22837== Conditional jump or move depends on uninitialised value(s)
==22837==    at 0x509A8DA: vfprintf (vfprintf.c:1642)
==22837==    by 0x509C67F: buffered_vfprintf (vfprintf.c:2329)
==22837==    by 0x5099725: vfprintf (vfprintf.c:1301)
==22837==    by 0x50A2F25: printf (printf.c:33)
==22837==    by 0x108997: main (main.c:48)
==22837== 
==22837== Use of uninitialised value of size 8
==22837==    at 0x509686B: _itoa_word (_itoa.c:179)
==22837==    by 0x5099F0D: vfprintf (vfprintf.c:1642)
==22837==    by 0x509C67F: buffered_vfprintf (vfprintf.c:2329)
==22837==    by 0x5099725: vfprintf (vfprintf.c:1301)
==22837==    by 0x50A2F25: printf (printf.c:33)
==22837==    by 0x108997: main (main.c:48)
==22837== 
==22837== Conditional jump or move depends on uninitialised value(s)
==22837==    at 0x5096875: _itoa_word (_itoa.c:179)
==22837==    by 0x5099F0D: vfprintf (vfprintf.c:1642)
==22837==    by 0x509C67F: buffered_vfprintf (vfprintf.c:2329)
==22837==    by 0x5099725: vfprintf (vfprintf.c:1301)
==22837==    by 0x50A2F25: printf (printf.c:33)
==22837==    by 0x108997: main (main.c:48)
==22837== 
==22837== Conditional jump or move depends on uninitialised value(s)
==22837==    at 0x509A014: vfprintf (vfprintf.c:1642)
==22837==    by 0x509C67F: buffered_vfprintf (vfprintf.c:2329)
==22837==    by 0x5099725: vfprintf (vfprintf.c:1301)
==22837==    by 0x50A2F25: printf (printf.c:33)
==22837==    by 0x108997: main (main.c:48)
==22837== 
==22837== Conditional jump or move depends on uninitialised value(s)
==22837==    at 0x509AB4C: vfprintf (vfprintf.c:1642)
==22837==    by 0x509C67F: buffered_vfprintf (vfprintf.c:2329)
==22837==    by 0x5099725: vfprintf (vfprintf.c:1301)
==22837==    by 0x50A2F25: printf (printf.c:33)
==22837==    by 0x108997: main (main.c:48)
==22837== 
==22837== 
==22837== HEAP SUMMARY:
==22837==     in use at exit: 0 bytes in 0 blocks
==22837==   total heap usage: 3 allocs, 3 frees, 9,768 bytes allocated
==22837== 
==22837== All heap blocks were freed -- no leaks are possible
==22837== 
==22837== For counts of detected and suppressed errors, rerun with: -v
==22837== Use --track-origins=yes to see where uninitialised values come from
==22837== ERROR SUMMARY: 22 errors from 6 contexts (suppressed: 0 from 0)
