==18846== Memcheck, a memory error detector
==18846== Copyright (C) 2002-2017, and GNU GPL'd, by Julian Seward et al.
==18846== Using Valgrind-3.13.0 and LibVEX; rerun with -h for copyright info
==18846== Command: /rhome/a/amulalic1/workspace/UUP/T5/Z2/.runme
==18846== Parent PID: 18833
==18846== 
==18846== 
==18846== Process terminating with default action of signal 1 (SIGHUP)
==18846==    at 0x514E081: read (read.c:27)
==18846==    by 0x50CB147: _IO_file_underflow@@GLIBC_2.2.5 (fileops.c:531)
==18846==    by 0x50CC3F1: _IO_default_uflow (genops.c:380)
==18846==    by 0x50A9BE9: _IO_vfscanf (vfscanf.c:630)
==18846==    by 0x50B9FD7: __isoc99_scanf (isoc99_scanf.c:37)
==18846==    by 0x1087A1: main (main.c:15)
==18846== 
==18846== HEAP SUMMARY:
==18846==     in use at exit: 0 bytes in 0 blocks
==18846==   total heap usage: 1 allocs, 1 frees, 1,024 bytes allocated
==18846== 
==18846== All heap blocks were freed -- no leaks are possible
==18846== 
==18846== For counts of detected and suppressed errors, rerun with: -v
==18846== ERROR SUMMARY: 0 errors from 0 contexts (suppressed: 0 from 0)
