==10098== Memcheck, a memory error detector
==10098== Copyright (C) 2002-2017, and GNU GPL'd, by Julian Seward et al.
==10098== Using Valgrind-3.13.0 and LibVEX; rerun with -h for copyright info
==10098== Command: /rhome/a/amulalic1/workspace/UUP/T6/Z1/.runme
==10098== Parent PID: 10084
==10098== 
==10098== 
==10098== Process terminating with default action of signal 1 (SIGHUP)
==10098==    at 0x514E081: read (read.c:27)
==10098==    by 0x50CB147: _IO_file_underflow@@GLIBC_2.2.5 (fileops.c:531)
==10098==    by 0x50CC3F1: _IO_default_uflow (genops.c:380)
==10098==    by 0x50A9BE9: _IO_vfscanf (vfscanf.c:630)
==10098==    by 0x50B9FD7: __isoc99_scanf (isoc99_scanf.c:37)
==10098==    by 0x10880A: main (main.c:14)
==10098== 
==10098== HEAP SUMMARY:
==10098==     in use at exit: 0 bytes in 0 blocks
==10098==   total heap usage: 1 allocs, 1 frees, 1,024 bytes allocated
==10098== 
==10098== All heap blocks were freed -- no leaks are possible
==10098== 
==10098== For counts of detected and suppressed errors, rerun with: -v
==10098== ERROR SUMMARY: 0 errors from 0 contexts (suppressed: 0 from 0)
