==18795== Memcheck, a memory error detector
==18795== Copyright (C) 2002-2017, and GNU GPL'd, by Julian Seward et al.
==18795== Using Valgrind-3.13.0 and LibVEX; rerun with -h for copyright info
==18795== Command: /rhome/a/amulalic1/workspace/UUP/T5/Z3/.runme
==18795== Parent PID: 18781
==18795== 
==18795== 
==18795== Process terminating with default action of signal 1 (SIGHUP)
==18795==    at 0x514E07F: read (read.c:27)
==18795==    by 0x50CB147: _IO_file_underflow@@GLIBC_2.2.5 (fileops.c:531)
==18795==    by 0x50CC3F1: _IO_default_uflow (genops.c:380)
==18795==    by 0x50A9BE9: _IO_vfscanf (vfscanf.c:630)
==18795==    by 0x50B9FD7: __isoc99_scanf (isoc99_scanf.c:37)
==18795==    by 0x1087BF: main (main.c:10)
==18795== 
==18795== HEAP SUMMARY:
==18795==     in use at exit: 0 bytes in 0 blocks
==18795==   total heap usage: 1 allocs, 1 frees, 1,024 bytes allocated
==18795== 
==18795== All heap blocks were freed -- no leaks are possible
==18795== 
==18795== For counts of detected and suppressed errors, rerun with: -v
==18795== ERROR SUMMARY: 0 errors from 0 contexts (suppressed: 0 from 0)
