==22322== Memcheck, a memory error detector
==22322== Copyright (C) 2002-2017, and GNU GPL'd, by Julian Seward et al.
==22322== Using Valgrind-3.13.0 and LibVEX; rerun with -h for copyright info
==22322== Command: /rhome/a/amulalic1/workspace/UUP/T9/Z3/.runme
==22322== Parent PID: 22304
==22322== 
==22322== 
==22322== Process terminating with default action of signal 15 (SIGTERM)
==22322==    at 0x514E081: read (read.c:27)
==22322==    by 0x50CB147: _IO_file_underflow@@GLIBC_2.2.5 (fileops.c:531)
==22322==    by 0x50CC3F1: _IO_default_uflow (genops.c:380)
==22322==    by 0x10870D: unesi (main.c:4)
==22322==    by 0x1087FE: main (main.c:32)
==22322== 
==22322== HEAP SUMMARY:
==22322==     in use at exit: 0 bytes in 0 blocks
==22322==   total heap usage: 1 allocs, 1 frees, 1,024 bytes allocated
==22322== 
==22322== All heap blocks were freed -- no leaks are possible
==22322== 
==22322== For counts of detected and suppressed errors, rerun with: -v
==22322== ERROR SUMMARY: 0 errors from 0 contexts (suppressed: 0 from 0)
