==30256== Memcheck, a memory error detector
==30256== Copyright (C) 2002-2017, and GNU GPL'd, by Julian Seward et al.
==30256== Using Valgrind-3.13.0 and LibVEX; rerun with -h for copyright info
==30256== Command: /rhome/a/amulalic1/workspace/UUP/Z5/Z1/.runme
==30256== Parent PID: 30243
==30256== 
==30256== 
==30256== Process terminating with default action of signal 1 (SIGHUP)
==30256==    at 0x514E081: read (read.c:27)
==30256==    by 0x50CB147: _IO_file_underflow@@GLIBC_2.2.5 (fileops.c:531)
==30256==    by 0x50CC3F1: _IO_default_uflow (genops.c:380)
==30256==    by 0x50A9BE9: _IO_vfscanf (vfscanf.c:630)
==30256==    by 0x50B9FD7: __isoc99_scanf (isoc99_scanf.c:37)
==30256==    by 0x108AAE: main (main.c:76)
==30256== 
==30256== HEAP SUMMARY:
==30256==     in use at exit: 0 bytes in 0 blocks
==30256==   total heap usage: 1 allocs, 1 frees, 1,024 bytes allocated
==30256== 
==30256== All heap blocks were freed -- no leaks are possible
==30256== 
==30256== For counts of detected and suppressed errors, rerun with: -v
==30256== ERROR SUMMARY: 0 errors from 0 contexts (suppressed: 0 from 0)
