==12268== Memcheck, a memory error detector
==12268== Copyright (C) 2002-2017, and GNU GPL'd, by Julian Seward et al.
==12268== Using Valgrind-3.13.0 and LibVEX; rerun with -h for copyright info
==12268== Command: /rhome/a/amulalic1/workspace/UUP/T1/Z5/.runme
==12268== Parent PID: 12263
==12268== 
==12268== Conditional jump or move depends on uninitialised value(s)
==12268==    at 0x509D1B8: __printf_fp_l (printf_fp.c:392)
==12268==    by 0x509AA06: vfprintf (vfprintf.c:1642)
==12268==    by 0x509C67F: buffered_vfprintf (vfprintf.c:2329)
==12268==    by 0x5099725: vfprintf (vfprintf.c:1301)
==12268==    by 0x50A2F25: printf (printf.c:33)
==12268==    by 0x108860: main (main.c:24)
==12268== 
==12268== Conditional jump or move depends on uninitialised value(s)
==12268==    at 0x509D1D9: __printf_fp_l (printf_fp.c:392)
==12268==    by 0x509AA06: vfprintf (vfprintf.c:1642)
==12268==    by 0x509C67F: buffered_vfprintf (vfprintf.c:2329)
==12268==    by 0x5099725: vfprintf (vfprintf.c:1301)
==12268==    by 0x50A2F25: printf (printf.c:33)
==12268==    by 0x108860: main (main.c:24)
==12268== 
==12268== Conditional jump or move depends on uninitialised value(s)
==12268==    at 0x5092A30: __mpn_extract_double (dbl2mpn.c:56)
==12268==    by 0x509D208: __printf_fp_l (printf_fp.c:392)
==12268==    by 0x509AA06: vfprintf (vfprintf.c:1642)
==12268==    by 0x509C67F: buffered_vfprintf (vfprintf.c:2329)
==12268==    by 0x5099725: vfprintf (vfprintf.c:1301)
==12268==    by 0x50A2F25: printf (printf.c:33)
==12268==    by 0x108860: main (main.c:24)
==12268== 
==12268== Conditional jump or move depends on uninitialised value(s)
==12268==    at 0x509D061: __printf_fp_l (printf_fp.c:442)
==12268==    by 0x509AA06: vfprintf (vfprintf.c:1642)
==12268==    by 0x509C67F: buffered_vfprintf (vfprintf.c:2329)
==12268==    by 0x5099725: vfprintf (vfprintf.c:1301)
==12268==    by 0x50A2F25: printf (printf.c:33)
==12268==    by 0x108860: main (main.c:24)
==12268== 
==12268== Conditional jump or move depends on uninitialised value(s)
==12268==    at 0x509D078: __printf_fp_l (printf_fp.c:459)
==12268==    by 0x509AA06: vfprintf (vfprintf.c:1642)
==12268==    by 0x509C67F: buffered_vfprintf (vfprintf.c:2329)
==12268==    by 0x5099725: vfprintf (vfprintf.c:1301)
==12268==    by 0x50A2F25: printf (printf.c:33)
==12268==    by 0x108860: main (main.c:24)
==12268== 
==12268== Use of uninitialised value of size 8
==12268==    at 0x509EA8E: __printf_fp_l (printf_fp.c:467)
==12268==    by 0x509AA06: vfprintf (vfprintf.c:1642)
==12268==    by 0x509C67F: buffered_vfprintf (vfprintf.c:2329)
==12268==    by 0x5099725: vfprintf (vfprintf.c:1301)
==12268==    by 0x50A2F25: printf (printf.c:33)
==12268==    by 0x108860: main (main.c:24)
==12268== 
==12268== Use of uninitialised value of size 8
==12268==    at 0x5091288: __mpn_lshift (lshift.S:59)
==12268==    by 0x509EA92: __printf_fp_l (printf_fp.c:467)
==12268==    by 0x509AA06: vfprintf (vfprintf.c:1642)
==12268==    by 0x509C67F: buffered_vfprintf (vfprintf.c:2329)
==12268==    by 0x5099725: vfprintf (vfprintf.c:1301)
==12268==    by 0x50A2F25: printf (printf.c:33)
==12268==    by 0x108860: main (main.c:24)
==12268== 
==12268== Use of uninitialised value of size 8
==12268==    at 0x509128B: __mpn_lshift (lshift.S:60)
==12268==    by 0x509EA92: __printf_fp_l (printf_fp.c:467)
==12268==    by 0x509AA06: vfprintf (vfprintf.c:1642)
==12268==    by 0x509C67F: buffered_vfprintf (vfprintf.c:2329)
==12268==    by 0x5099725: vfprintf (vfprintf.c:1301)
==12268==    by 0x50A2F25: printf (printf.c:33)
==12268==    by 0x108860: main (main.c:24)
==12268== 
==12268== Conditional jump or move depends on uninitialised value(s)
==12268==    at 0x509EABD: __printf_fp_l (printf_fp.c:472)
==12268==    by 0x509AA06: vfprintf (vfprintf.c:1642)
==12268==    by 0x509C67F: buffered_vfprintf (vfprintf.c:2329)
==12268==    by 0x5099725: vfprintf (vfprintf.c:1301)
==12268==    by 0x50A2F25: printf (printf.c:33)
==12268==    by 0x108860: main (main.c:24)
==12268== 
==12268== Use of uninitialised value of size 8
==12268==    at 0x509EAD5: __printf_fp_l (printf_fp.c:473)
==12268==    by 0x509AA06: vfprintf (vfprintf.c:1642)
==12268==    by 0x509C67F: buffered_vfprintf (vfprintf.c:2329)
==12268==    by 0x5099725: vfprintf (vfprintf.c:1301)
==12268==    by 0x50A2F25: printf (printf.c:33)
==12268==    by 0x108860: main (main.c:24)
==12268== 
==12268== Conditional jump or move depends on uninitialised value(s)
==12268==    at 0x509D0B6: __printf_fp_l (printf_fp.c:475)
==12268==    by 0x509AA06: vfprintf (vfprintf.c:1642)
==12268==    by 0x509C67F: buffered_vfprintf (vfprintf.c:2329)
==12268==    by 0x5099725: vfprintf (vfprintf.c:1301)
==12268==    by 0x50A2F25: printf (printf.c:33)
==12268==    by 0x108860: main (main.c:24)
==12268== 
==12268== Conditional jump or move depends on uninitialised value(s)
==12268==    at 0x509D16F: __printf_fp_l (printf_fp.c:484)
==12268==    by 0x509AA06: vfprintf (vfprintf.c:1642)
==12268==    by 0x509C67F: buffered_vfprintf (vfprintf.c:2329)
==12268==    by 0x5099725: vfprintf (vfprintf.c:1301)
==12268==    by 0x50A2F25: printf (printf.c:33)
==12268==    by 0x108860: main (main.c:24)
==12268== 
==12268== Conditional jump or move depends on uninitialised value(s)
==12268==    at 0x4C34072: memcpy@GLIBC_2.2.5 (in /usr/lib/valgrind/vgpreload_memcheck-amd64-linux.so)
==12268==    by 0x509D130: __printf_fp_l (printf_fp.c:531)
==12268==    by 0x509AA06: vfprintf (vfprintf.c:1642)
==12268==    by 0x509C67F: buffered_vfprintf (vfprintf.c:2329)
==12268==    by 0x5099725: vfprintf (vfprintf.c:1301)
==12268==    by 0x50A2F25: printf (printf.c:33)
==12268==    by 0x108860: main (main.c:24)
==12268== 
==12268== Conditional jump or move depends on uninitialised value(s)
==12268==    at 0x4C3419B: memcpy@GLIBC_2.2.5 (in /usr/lib/valgrind/vgpreload_memcheck-amd64-linux.so)
==12268==    by 0x509D130: __printf_fp_l (printf_fp.c:531)
==12268==    by 0x509AA06: vfprintf (vfprintf.c:1642)
==12268==    by 0x509C67F: buffered_vfprintf (vfprintf.c:2329)
==12268==    by 0x5099725: vfprintf (vfprintf.c:1301)
==12268==    by 0x50A2F25: printf (printf.c:33)
==12268==    by 0x108860: main (main.c:24)
==12268== 
==12268== Conditional jump or move depends on uninitialised value(s)
==12268==    at 0x4C341B1: memcpy@GLIBC_2.2.5 (in /usr/lib/valgrind/vgpreload_memcheck-amd64-linux.so)
==12268==    by 0x509D130: __printf_fp_l (printf_fp.c:531)
==12268==    by 0x509AA06: vfprintf (vfprintf.c:1642)
==12268==    by 0x509C67F: buffered_vfprintf (vfprintf.c:2329)
==12268==    by 0x5099725: vfprintf (vfprintf.c:1301)
==12268==    by 0x50A2F25: printf (printf.c:33)
==12268==    by 0x108860: main (main.c:24)
==12268== 
==12268== Use of uninitialised value of size 8
==12268==    at 0x4C34163: memcpy@GLIBC_2.2.5 (in /usr/lib/valgrind/vgpreload_memcheck-amd64-linux.so)
==12268==    by 0x509D130: __printf_fp_l (printf_fp.c:531)
==12268==    by 0x509AA06: vfprintf (vfprintf.c:1642)
==12268==    by 0x509C67F: buffered_vfprintf (vfprintf.c:2329)
==12268==    by 0x5099725: vfprintf (vfprintf.c:1301)
==12268==    by 0x50A2F25: printf (printf.c:33)
==12268==    by 0x108860: main (main.c:24)
==12268== 
==12268== Conditional jump or move depends on uninitialised value(s)
==12268==    at 0x509D13C: __printf_fp_l (printf_fp.c:547)
==12268==    by 0x509AA06: vfprintf (vfprintf.c:1642)
==12268==    by 0x509C67F: buffered_vfprintf (vfprintf.c:2329)
==12268==    by 0x5099725: vfprintf (vfprintf.c:1301)
==12268==    by 0x50A2F25: printf (printf.c:33)
==12268==    by 0x108860: main (main.c:24)
==12268== 
==12268== Conditional jump or move depends on uninitialised value(s)
==12268==    at 0x509D142: __printf_fp_l (printf_fp.c:547)
==12268==    by 0x509AA06: vfprintf (vfprintf.c:1642)
==12268==    by 0x509C67F: buffered_vfprintf (vfprintf.c:2329)
==12268==    by 0x5099725: vfprintf (vfprintf.c:1301)
==12268==    by 0x50A2F25: printf (printf.c:33)
==12268==    by 0x108860: main (main.c:24)
==12268== 
==12268== Use of uninitialised value of size 8
==12268==    at 0x5090BEA: __mpn_cmp (cmp.c:37)
==12268==    by 0x509D53F: __printf_fp_l (printf_fp.c:547)
==12268==    by 0x509AA06: vfprintf (vfprintf.c:1642)
==12268==    by 0x509C67F: buffered_vfprintf (vfprintf.c:2329)
==12268==    by 0x5099725: vfprintf (vfprintf.c:1301)
==12268==    by 0x50A2F25: printf (printf.c:33)
==12268==    by 0x108860: main (main.c:24)
==12268== 
==12268== Use of uninitialised value of size 8
==12268==    at 0x5090BEE: __mpn_cmp (cmp.c:38)
==12268==    by 0x509D53F: __printf_fp_l (printf_fp.c:547)
==12268==    by 0x509AA06: vfprintf (vfprintf.c:1642)
==12268==    by 0x509C67F: buffered_vfprintf (vfprintf.c:2329)
==12268==    by 0x5099725: vfprintf (vfprintf.c:1301)
==12268==    by 0x50A2F25: printf (printf.c:33)
==12268==    by 0x108860: main (main.c:24)
==12268== 
==12268== Conditional jump or move depends on uninitialised value(s)
==12268==    at 0x5090BF5: __mpn_cmp (cmp.c:39)
==12268==    by 0x509D53F: __printf_fp_l (printf_fp.c:547)
==12268==    by 0x509AA06: vfprintf (vfprintf.c:1642)
==12268==    by 0x509C67F: buffered_vfprintf (vfprintf.c:2329)
==12268==    by 0x5099725: vfprintf (vfprintf.c:1301)
==12268==    by 0x50A2F25: printf (printf.c:33)
==12268==    by 0x108860: main (main.c:24)
==12268== 
==12268== Conditional jump or move depends on uninitialised value(s)
==12268==    at 0x509D542: __printf_fp_l (printf_fp.c:547)
==12268==    by 0x509AA06: vfprintf (vfprintf.c:1642)
==12268==    by 0x509C67F: buffered_vfprintf (vfprintf.c:2329)
==12268==    by 0x5099725: vfprintf (vfprintf.c:1301)
==12268==    by 0x50A2F25: printf (printf.c:33)
==12268==    by 0x108860: main (main.c:24)
==12268== 
==12268== Conditional jump or move depends on uninitialised value(s)
==12268==    at 0x4C34072: memcpy@GLIBC_2.2.5 (in /usr/lib/valgrind/vgpreload_memcheck-amd64-linux.so)
==12268==    by 0x509D560: __printf_fp_l (printf_fp.c:550)
==12268==    by 0x509AA06: vfprintf (vfprintf.c:1642)
==12268==    by 0x509C67F: buffered_vfprintf (vfprintf.c:2329)
==12268==    by 0x5099725: vfprintf (vfprintf.c:1301)
==12268==    by 0x50A2F25: printf (printf.c:33)
==12268==    by 0x108860: main (main.c:24)
==12268== 
==12268== Use of uninitialised value of size 8
==12268==    at 0x4C34160: memcpy@GLIBC_2.2.5 (in /usr/lib/valgrind/vgpreload_memcheck-amd64-linux.so)
==12268==    by 0x509D560: __printf_fp_l (printf_fp.c:550)
==12268==    by 0x509AA06: vfprintf (vfprintf.c:1642)
==12268==    by 0x509C67F: buffered_vfprintf (vfprintf.c:2329)
==12268==    by 0x5099725: vfprintf (vfprintf.c:1301)
==12268==    by 0x50A2F25: printf (printf.c:33)
==12268==    by 0x108860: main (main.c:24)
==12268== 
==12268== Use of uninitialised value of size 8
==12268==    at 0x4C34163: memcpy@GLIBC_2.2.5 (in /usr/lib/valgrind/vgpreload_memcheck-amd64-linux.so)
==12268==    by 0x509D560: __printf_fp_l (printf_fp.c:550)
==12268==    by 0x509AA06: vfprintf (vfprintf.c:1642)
==12268==    by 0x509C67F: buffered_vfprintf (vfprintf.c:2329)
==12268==    by 0x5099725: vfprintf (vfprintf.c:1301)
==12268==    by 0x50A2F25: printf (printf.c:33)
==12268==    by 0x108860: main (main.c:24)
==12268== 
==12268== Conditional jump or move depends on uninitialised value(s)
==12268==    at 0x4C3416E: memcpy@GLIBC_2.2.5 (in /usr/lib/valgrind/vgpreload_memcheck-amd64-linux.so)
==12268==    by 0x509D560: __printf_fp_l (printf_fp.c:550)
==12268==    by 0x509AA06: vfprintf (vfprintf.c:1642)
==12268==    by 0x509C67F: buffered_vfprintf (vfprintf.c:2329)
==12268==    by 0x5099725: vfprintf (vfprintf.c:1301)
==12268==    by 0x50A2F25: printf (printf.c:33)
==12268==    by 0x108860: main (main.c:24)
==12268== 
==12268== Use of uninitialised value of size 8
==12268==    at 0x509D569: __printf_fp_l (printf_fp.c:551)
==12268==    by 0x509AA06: vfprintf (vfprintf.c:1642)
==12268==    by 0x509C67F: buffered_vfprintf (vfprintf.c:2329)
==12268==    by 0x5099725: vfprintf (vfprintf.c:1301)
==12268==    by 0x50A2F25: printf (printf.c:33)
==12268==    by 0x108860: main (main.c:24)
==12268== 
==12268== Use of uninitialised value of size 8
==12268==    at 0x509D5B8: __printf_fp_l (printf_fp.c:569)
==12268==    by 0x509AA06: vfprintf (vfprintf.c:1642)
==12268==    by 0x509C67F: buffered_vfprintf (vfprintf.c:2329)
==12268==    by 0x5099725: vfprintf (vfprintf.c:1301)
==12268==    by 0x50A2F25: printf (printf.c:33)
==12268==    by 0x108860: main (main.c:24)
==12268== 
==12268== Use of uninitialised value of size 8
==12268==    at 0x509D5CB: __printf_fp_l (printf_fp.c:569)
==12268==    by 0x509AA06: vfprintf (vfprintf.c:1642)
==12268==    by 0x509C67F: buffered_vfprintf (vfprintf.c:2329)
==12268==    by 0x5099725: vfprintf (vfprintf.c:1301)
==12268==    by 0x50A2F25: printf (printf.c:33)
==12268==    by 0x108860: main (main.c:24)
==12268== 
==12268== Conditional jump or move depends on uninitialised value(s)
==12268==    at 0x509D5CF: __printf_fp_l (printf_fp.c:569)
==12268==    by 0x509AA06: vfprintf (vfprintf.c:1642)
==12268==    by 0x509C67F: buffered_vfprintf (vfprintf.c:2329)
==12268==    by 0x5099725: vfprintf (vfprintf.c:1301)
==12268==    by 0x50A2F25: printf (printf.c:33)
==12268==    by 0x108860: main (main.c:24)
==12268== 
==12268== Use of uninitialised value of size 8
==12268==    at 0x509D5F8: __printf_fp_l (printf_fp.c:569)
==12268==    by 0x509AA06: vfprintf (vfprintf.c:1642)
==12268==    by 0x509C67F: buffered_vfprintf (vfprintf.c:2329)
==12268==    by 0x5099725: vfprintf (vfprintf.c:1301)
==12268==    by 0x50A2F25: printf (printf.c:33)
==12268==    by 0x108860: main (main.c:24)
==12268== 
==12268== Use of uninitialised value of size 8
==12268==    at 0x509D60E: __printf_fp_l (printf_fp.c:573)
==12268==    by 0x509AA06: vfprintf (vfprintf.c:1642)
==12268==    by 0x509C67F: buffered_vfprintf (vfprintf.c:2329)
==12268==    by 0x5099725: vfprintf (vfprintf.c:1301)
==12268==    by 0x50A2F25: printf (printf.c:33)
==12268==    by 0x108860: main (main.c:24)
==12268== 
==12268== Use of uninitialised value of size 8
==12268==    at 0x509D624: __printf_fp_l (printf_fp.c:592)
==12268==    by 0x509AA06: vfprintf (vfprintf.c:1642)
==12268==    by 0x509C67F: buffered_vfprintf (vfprintf.c:2329)
==12268==    by 0x5099725: vfprintf (vfprintf.c:1301)
==12268==    by 0x50A2F25: printf (printf.c:33)
==12268==    by 0x108860: main (main.c:24)
==12268== 
==12268== Conditional jump or move depends on uninitialised value(s)
==12268==    at 0x509D632: __printf_fp_l (printf_fp.c:592)
==12268==    by 0x509AA06: vfprintf (vfprintf.c:1642)
==12268==    by 0x509C67F: buffered_vfprintf (vfprintf.c:2329)
==12268==    by 0x5099725: vfprintf (vfprintf.c:1301)
==12268==    by 0x50A2F25: printf (printf.c:33)
==12268==    by 0x108860: main (main.c:24)
==12268== 
==12268== Conditional jump or move depends on uninitialised value(s)
==12268==    at 0x509F013: __printf_fp_l (printf_fp.c:614)
==12268==    by 0x509AA06: vfprintf (vfprintf.c:1642)
==12268==    by 0x509C67F: buffered_vfprintf (vfprintf.c:2329)
==12268==    by 0x5099725: vfprintf (vfprintf.c:1301)
==12268==    by 0x50A2F25: printf (printf.c:33)
==12268==    by 0x108860: main (main.c:24)
==12268== 
==12268== Use of uninitialised value of size 8
==12268==    at 0x5091398: __mpn_rshift (rshift.S:62)
==12268==    by 0x509F031: __printf_fp_l (printf_fp.c:632)
==12268==    by 0x509AA06: vfprintf (vfprintf.c:1642)
==12268==    by 0x509C67F: buffered_vfprintf (vfprintf.c:2329)
==12268==    by 0x5099725: vfprintf (vfprintf.c:1301)
==12268==    by 0x50A2F25: printf (printf.c:33)
==12268==    by 0x108860: main (main.c:24)
==12268== 
==12268== Use of uninitialised value of size 8
==12268==    at 0x50913BD: __mpn_rshift (rshift.S:73)
==12268==    by 0x509F031: __printf_fp_l (printf_fp.c:632)
==12268==    by 0x509AA06: vfprintf (vfprintf.c:1642)
==12268==    by 0x509C67F: buffered_vfprintf (vfprintf.c:2329)
==12268==    by 0x5099725: vfprintf (vfprintf.c:1301)
==12268==    by 0x50A2F25: printf (printf.c:33)
==12268==    by 0x108860: main (main.c:24)
==12268== 
==12268== Conditional jump or move depends on uninitialised value(s)
==12268==    at 0x5091345: __mpn_rshift (rshift.S:31)
==12268==    by 0x509F052: __printf_fp_l (printf_fp.c:636)
==12268==    by 0x509AA06: vfprintf (vfprintf.c:1642)
==12268==    by 0x509C67F: buffered_vfprintf (vfprintf.c:2329)
==12268==    by 0x5099725: vfprintf (vfprintf.c:1301)
==12268==    by 0x50A2F25: printf (printf.c:33)
==12268==    by 0x108860: main (main.c:24)
==12268== 
==12268== Conditional jump or move depends on uninitialised value(s)
==12268==    at 0x509136C: __mpn_rshift (rshift.S:45)
==12268==    by 0x509F052: __printf_fp_l (printf_fp.c:636)
==12268==    by 0x509AA06: vfprintf (vfprintf.c:1642)
==12268==    by 0x509C67F: buffered_vfprintf (vfprintf.c:2329)
==12268==    by 0x5099725: vfprintf (vfprintf.c:1301)
==12268==    by 0x50A2F25: printf (printf.c:33)
==12268==    by 0x108860: main (main.c:24)
==12268== 
==12268== Conditional jump or move depends on uninitialised value(s)
==12268==    at 0x5091396: __mpn_rshift (rshift.S:61)
==12268==    by 0x509F052: __printf_fp_l (printf_fp.c:636)
==12268==    by 0x509AA06: vfprintf (vfprintf.c:1642)
==12268==    by 0x509C67F: buffered_vfprintf (vfprintf.c:2329)
==12268==    by 0x5099725: vfprintf (vfprintf.c:1301)
==12268==    by 0x50A2F25: printf (printf.c:33)
==12268==    by 0x108860: main (main.c:24)
==12268== 
==12268== Use of uninitialised value of size 8
==12268==    at 0x5091398: __mpn_rshift (rshift.S:62)
==12268==    by 0x509F052: __printf_fp_l (printf_fp.c:636)
==12268==    by 0x509AA06: vfprintf (vfprintf.c:1642)
==12268==    by 0x509C67F: buffered_vfprintf (vfprintf.c:2329)
==12268==    by 0x5099725: vfprintf (vfprintf.c:1301)
==12268==    by 0x50A2F25: printf (printf.c:33)
==12268==    by 0x108860: main (main.c:24)
==12268== 
==12268== Conditional jump or move depends on uninitialised value(s)
==12268==    at 0x50913A9: __mpn_rshift (rshift.S:67)
==12268==    by 0x509F052: __printf_fp_l (printf_fp.c:636)
==12268==    by 0x509AA06: vfprintf (vfprintf.c:1642)
==12268==    by 0x509C67F: buffered_vfprintf (vfprintf.c:2329)
==12268==    by 0x5099725: vfprintf (vfprintf.c:1301)
==12268==    by 0x50A2F25: printf (printf.c:33)
==12268==    by 0x108860: main (main.c:24)
==12268== 
==12268== Use of uninitialised value of size 8
==12268==    at 0x50913BD: __mpn_rshift (rshift.S:73)
==12268==    by 0x509F052: __printf_fp_l (printf_fp.c:636)
==12268==    by 0x509AA06: vfprintf (vfprintf.c:1642)
==12268==    by 0x509C67F: buffered_vfprintf (vfprintf.c:2329)
==12268==    by 0x5099725: vfprintf (vfprintf.c:1301)
==12268==    by 0x50A2F25: printf (printf.c:33)
==12268==    by 0x108860: main (main.c:24)
==12268== 
==12268== Use of uninitialised value of size 8
==12268==    at 0x509F067: __printf_fp_l (printf_fp.c:640)
==12268==    by 0x509AA06: vfprintf (vfprintf.c:1642)
==12268==    by 0x509C67F: buffered_vfprintf (vfprintf.c:2329)
==12268==    by 0x5099725: vfprintf (vfprintf.c:1301)
==12268==    by 0x50A2F25: printf (printf.c:33)
==12268==    by 0x108860: main (main.c:24)
==12268== 
==12268== Conditional jump or move depends on uninitialised value(s)
==12268==    at 0x509F06D: __printf_fp_l (printf_fp.c:640)
==12268==    by 0x509AA06: vfprintf (vfprintf.c:1642)
==12268==    by 0x509C67F: buffered_vfprintf (vfprintf.c:2329)
==12268==    by 0x5099725: vfprintf (vfprintf.c:1301)
==12268==    by 0x50A2F25: printf (printf.c:33)
==12268==    by 0x108860: main (main.c:24)
==12268== 
==12268== Conditional jump or move depends on uninitialised value(s)
==12268==    at 0x509C8C1: hack_digit (printf_fp.c:180)
==12268==    by 0x509D88B: __printf_fp_l (printf_fp.c:938)
==12268==    by 0x509AA06: vfprintf (vfprintf.c:1642)
==12268==    by 0x509C67F: buffered_vfprintf (vfprintf.c:2329)
==12268==    by 0x5099725: vfprintf (vfprintf.c:1301)
==12268==    by 0x50A2F25: printf (printf.c:33)
==12268==    by 0x108860: main (main.c:24)
==12268== 
==12268== Use of uninitialised value of size 8
==12268==    at 0x5090F70: __mpn_divrem (divrem.c:62)
==12268==    by 0x509C8D7: hack_digit (printf_fp.c:184)
==12268==    by 0x509D88B: __printf_fp_l (printf_fp.c:938)
==12268==    by 0x509AA06: vfprintf (vfprintf.c:1642)
==12268==    by 0x509C67F: buffered_vfprintf (vfprintf.c:2329)
==12268==    by 0x5099725: vfprintf (vfprintf.c:1301)
==12268==    by 0x50A2F25: printf (printf.c:33)
==12268==    by 0x108860: main (main.c:24)
==12268== 
==12268== Use of uninitialised value of size 8
==12268==    at 0x5090F73: __mpn_divrem (divrem.c:63)
==12268==    by 0x509C8D7: hack_digit (printf_fp.c:184)
==12268==    by 0x509D88B: __printf_fp_l (printf_fp.c:938)
==12268==    by 0x509AA06: vfprintf (vfprintf.c:1642)
==12268==    by 0x509C67F: buffered_vfprintf (vfprintf.c:2329)
==12268==    by 0x5099725: vfprintf (vfprintf.c:1301)
==12268==    by 0x50A2F25: printf (printf.c:33)
==12268==    by 0x108860: main (main.c:24)
==12268== 
==12268== Conditional jump or move depends on uninitialised value(s)
==12268==    at 0x5090F84: __mpn_divrem (divrem.c:65)
==12268==    by 0x509C8D7: hack_digit (printf_fp.c:184)
==12268==    by 0x509D88B: __printf_fp_l (printf_fp.c:938)
==12268==    by 0x509AA06: vfprintf (vfprintf.c:1642)
==12268==    by 0x509C67F: buffered_vfprintf (vfprintf.c:2329)
==12268==    by 0x5099725: vfprintf (vfprintf.c:1301)
==12268==    by 0x50A2F25: printf (printf.c:33)
==12268==    by 0x108860: main (main.c:24)
==12268== 
==12268== Conditional jump or move depends on uninitialised value(s)
==12268==    at 0x5090F8E: __mpn_divrem (divrem.c:72)
==12268==    by 0x509C8D7: hack_digit (printf_fp.c:184)
==12268==    by 0x509D88B: __printf_fp_l (printf_fp.c:938)
==12268==    by 0x509AA06: vfprintf (vfprintf.c:1642)
==12268==    by 0x509C67F: buffered_vfprintf (vfprintf.c:2329)
==12268==    by 0x5099725: vfprintf (vfprintf.c:1301)
==12268==    by 0x50A2F25: printf (printf.c:33)
==12268==    by 0x108860: main (main.c:24)
==12268== 
==12268== Use of uninitialised value of size 8
==12268==    at 0x5090FA0: __mpn_divrem (divrem.c:73)
==12268==    by 0x509C8D7: hack_digit (printf_fp.c:184)
==12268==    by 0x509D88B: __printf_fp_l (printf_fp.c:938)
==12268==    by 0x509AA06: vfprintf (vfprintf.c:1642)
==12268==    by 0x509C67F: buffered_vfprintf (vfprintf.c:2329)
==12268==    by 0x5099725: vfprintf (vfprintf.c:1301)
==12268==    by 0x50A2F25: printf (printf.c:33)
==12268==    by 0x108860: main (main.c:24)
==12268== 
==12268== Use of uninitialised value of size 8
==12268==    at 0x5090FAF: __mpn_divrem (divrem.c:73)
==12268==    by 0x509C8D7: hack_digit (printf_fp.c:184)
==12268==    by 0x509D88B: __printf_fp_l (printf_fp.c:938)
==12268==    by 0x509AA06: vfprintf (vfprintf.c:1642)
==12268==    by 0x509C67F: buffered_vfprintf (vfprintf.c:2329)
==12268==    by 0x5099725: vfprintf (vfprintf.c:1301)
==12268==    by 0x50A2F25: printf (printf.c:33)
==12268==    by 0x108860: main (main.c:24)
==12268== 
==12268== Conditional jump or move depends on uninitialised value(s)
==12268==    at 0x5090FB7: __mpn_divrem (divrem.c:72)
==12268==    by 0x509C8D7: hack_digit (printf_fp.c:184)
==12268==    by 0x509D88B: __printf_fp_l (printf_fp.c:938)
==12268==    by 0x509AA06: vfprintf (vfprintf.c:1642)
==12268==    by 0x509C67F: buffered_vfprintf (vfprintf.c:2329)
==12268==    by 0x5099725: vfprintf (vfprintf.c:1301)
==12268==    by 0x50A2F25: printf (printf.c:33)
==12268==    by 0x108860: main (main.c:24)
==12268== 
==12268== Use of uninitialised value of size 8
==12268==    at 0x5090FE3: __mpn_divrem (divrem.c:79)
==12268==    by 0x509C8D7: hack_digit (printf_fp.c:184)
==12268==    by 0x509D88B: __printf_fp_l (printf_fp.c:938)
==12268==    by 0x509AA06: vfprintf (vfprintf.c:1642)
==12268==    by 0x509C67F: buffered_vfprintf (vfprintf.c:2329)
==12268==    by 0x5099725: vfprintf (vfprintf.c:1301)
==12268==    by 0x50A2F25: printf (printf.c:33)
==12268==    by 0x108860: main (main.c:24)
==12268== 
==12268== Use of uninitialised value of size 8
==12268==    at 0x509C8E4: hack_digit (printf_fp.c:186)
==12268==    by 0x509D88B: __printf_fp_l (printf_fp.c:938)
==12268==    by 0x509AA06: vfprintf (vfprintf.c:1642)
==12268==    by 0x509C67F: buffered_vfprintf (vfprintf.c:2329)
==12268==    by 0x5099725: vfprintf (vfprintf.c:1301)
==12268==    by 0x50A2F25: printf (printf.c:33)
==12268==    by 0x108860: main (main.c:24)
==12268== 
==12268== Use of uninitialised value of size 8
==12268==    at 0x509C8EC: hack_digit (printf_fp.c:187)
==12268==    by 0x509D88B: __printf_fp_l (printf_fp.c:938)
==12268==    by 0x509AA06: vfprintf (vfprintf.c:1642)
==12268==    by 0x509C67F: buffered_vfprintf (vfprintf.c:2329)
==12268==    by 0x5099725: vfprintf (vfprintf.c:1301)
==12268==    by 0x50A2F25: printf (printf.c:33)
==12268==    by 0x108860: main (main.c:24)
==12268== 
==12268== Use of uninitialised value of size 8
==12268==    at 0x509C903: hack_digit (printf_fp.c:190)
==12268==    by 0x509D88B: __printf_fp_l (printf_fp.c:938)
==12268==    by 0x509AA06: vfprintf (vfprintf.c:1642)
==12268==    by 0x509C67F: buffered_vfprintf (vfprintf.c:2329)
==12268==    by 0x5099725: vfprintf (vfprintf.c:1301)
==12268==    by 0x50A2F25: printf (printf.c:33)
==12268==    by 0x108860: main (main.c:24)
==12268== 
==12268== Conditional jump or move depends on uninitialised value(s)
==12268==    at 0x509C909: hack_digit (printf_fp.c:190)
==12268==    by 0x509D88B: __printf_fp_l (printf_fp.c:938)
==12268==    by 0x509AA06: vfprintf (vfprintf.c:1642)
==12268==    by 0x509C67F: buffered_vfprintf (vfprintf.c:2329)
==12268==    by 0x5099725: vfprintf (vfprintf.c:1301)
==12268==    by 0x50A2F25: printf (printf.c:33)
==12268==    by 0x108860: main (main.c:24)
==12268== 
==12268== Use of uninitialised value of size 8
==12268==    at 0x50918C4: __mpn_mul_1 (mul_1.S:36)
==12268==    by 0x509C951: hack_digit (printf_fp.c:201)
==12268==    by 0x509D88B: __printf_fp_l (printf_fp.c:938)
==12268==    by 0x509AA06: vfprintf (vfprintf.c:1642)
==12268==    by 0x509C67F: buffered_vfprintf (vfprintf.c:2329)
==12268==    by 0x5099725: vfprintf (vfprintf.c:1301)
==12268==    by 0x50A2F25: printf (printf.c:33)
==12268==    by 0x108860: main (main.c:24)
==12268== 
==12268== Use of uninitialised value of size 8
==12268==    at 0x50918E8: __mpn_mul_1 (mul_1.S:52)
==12268==    by 0x509C951: hack_digit (printf_fp.c:201)
==12268==    by 0x509D88B: __printf_fp_l (printf_fp.c:938)
==12268==    by 0x509AA06: vfprintf (vfprintf.c:1642)
==12268==    by 0x509C67F: buffered_vfprintf (vfprintf.c:2329)
==12268==    by 0x5099725: vfprintf (vfprintf.c:1301)
==12268==    by 0x50A2F25: printf (printf.c:33)
==12268==    by 0x108860: main (main.c:24)
==12268== 
==12268== Conditional jump or move depends on uninitialised value(s)
==12268==    at 0x509C955: hack_digit (printf_fp.c:202)
==12268==    by 0x509D88B: __printf_fp_l (printf_fp.c:938)
==12268==    by 0x509AA06: vfprintf (vfprintf.c:1642)
==12268==    by 0x509C67F: buffered_vfprintf (vfprintf.c:2329)
==12268==    by 0x5099725: vfprintf (vfprintf.c:1301)
==12268==    by 0x50A2F25: printf (printf.c:33)
==12268==    by 0x108860: main (main.c:24)
==12268== 
==12268== Use of uninitialised value of size 8
==12268==    at 0x509C967: hack_digit (printf_fp.c:203)
==12268==    by 0x509D88B: __printf_fp_l (printf_fp.c:938)
==12268==    by 0x509AA06: vfprintf (vfprintf.c:1642)
==12268==    by 0x509C67F: buffered_vfprintf (vfprintf.c:2329)
==12268==    by 0x5099725: vfprintf (vfprintf.c:1301)
==12268==    by 0x50A2F25: printf (printf.c:33)
==12268==    by 0x108860: main (main.c:24)
==12268== 
==12268== Use of uninitialised value of size 8
==12268==    at 0x5090F70: __mpn_divrem (divrem.c:62)
==12268==    by 0x509D96B: hack_digit (printf_fp.c:184)
==12268==    by 0x509D96B: __printf_fp_l (printf_fp.c:962)
==12268==    by 0x509AA06: vfprintf (vfprintf.c:1642)
==12268==    by 0x509C67F: buffered_vfprintf (vfprintf.c:2329)
==12268==    by 0x5099725: vfprintf (vfprintf.c:1301)
==12268==    by 0x50A2F25: printf (printf.c:33)
==12268==    by 0x108860: main (main.c:24)
==12268== 
==12268== Use of uninitialised value of size 8
==12268==    at 0x5090F73: __mpn_divrem (divrem.c:63)
==12268==    by 0x509D96B: hack_digit (printf_fp.c:184)
==12268==    by 0x509D96B: __printf_fp_l (printf_fp.c:962)
==12268==    by 0x509AA06: vfprintf (vfprintf.c:1642)
==12268==    by 0x509C67F: buffered_vfprintf (vfprintf.c:2329)
==12268==    by 0x5099725: vfprintf (vfprintf.c:1301)
==12268==    by 0x50A2F25: printf (printf.c:33)
==12268==    by 0x108860: main (main.c:24)
==12268== 
==12268== Conditional jump or move depends on uninitialised value(s)
==12268==    at 0x5090F84: __mpn_divrem (divrem.c:65)
==12268==    by 0x509D96B: hack_digit (printf_fp.c:184)
==12268==    by 0x509D96B: __printf_fp_l (printf_fp.c:962)
==12268==    by 0x509AA06: vfprintf (vfprintf.c:1642)
==12268==    by 0x509C67F: buffered_vfprintf (vfprintf.c:2329)
==12268==    by 0x5099725: vfprintf (vfprintf.c:1301)
==12268==    by 0x50A2F25: printf (printf.c:33)
==12268==    by 0x108860: main (main.c:24)
==12268== 
==12268== Use of uninitialised value of size 8
==12268==    at 0x5090FE3: __mpn_divrem (divrem.c:79)
==12268==    by 0x509D96B: hack_digit (printf_fp.c:184)
==12268==    by 0x509D96B: __printf_fp_l (printf_fp.c:962)
==12268==    by 0x509AA06: vfprintf (vfprintf.c:1642)
==12268==    by 0x509C67F: buffered_vfprintf (vfprintf.c:2329)
==12268==    by 0x5099725: vfprintf (vfprintf.c:1301)
==12268==    by 0x50A2F25: printf (printf.c:33)
==12268==    by 0x108860: main (main.c:24)
==12268== 
==12268== Use of uninitialised value of size 8
==12268==    at 0x509D97B: hack_digit (printf_fp.c:186)
==12268==    by 0x509D97B: __printf_fp_l (printf_fp.c:962)
==12268==    by 0x509AA06: vfprintf (vfprintf.c:1642)
==12268==    by 0x509C67F: buffered_vfprintf (vfprintf.c:2329)
==12268==    by 0x5099725: vfprintf (vfprintf.c:1301)
==12268==    by 0x50A2F25: printf (printf.c:33)
==12268==    by 0x108860: main (main.c:24)
==12268== 
==12268== Use of uninitialised value of size 8
==12268==    at 0x509D983: hack_digit (printf_fp.c:187)
==12268==    by 0x509D983: __printf_fp_l (printf_fp.c:962)
==12268==    by 0x509AA06: vfprintf (vfprintf.c:1642)
==12268==    by 0x509C67F: buffered_vfprintf (vfprintf.c:2329)
==12268==    by 0x5099725: vfprintf (vfprintf.c:1301)
==12268==    by 0x50A2F25: printf (printf.c:33)
==12268==    by 0x108860: main (main.c:24)
==12268== 
==12268== Use of uninitialised value of size 8
==12268==    at 0x509D9A7: hack_digit (printf_fp.c:190)
==12268==    by 0x509D9A7: __printf_fp_l (printf_fp.c:962)
==12268==    by 0x509AA06: vfprintf (vfprintf.c:1642)
==12268==    by 0x509C67F: buffered_vfprintf (vfprintf.c:2329)
==12268==    by 0x5099725: vfprintf (vfprintf.c:1301)
==12268==    by 0x50A2F25: printf (printf.c:33)
==12268==    by 0x108860: main (main.c:24)
==12268== 
==12268== Conditional jump or move depends on uninitialised value(s)
==12268==    at 0x509D9AD: hack_digit (printf_fp.c:190)
==12268==    by 0x509D9AD: __printf_fp_l (printf_fp.c:962)
==12268==    by 0x509AA06: vfprintf (vfprintf.c:1642)
==12268==    by 0x509C67F: buffered_vfprintf (vfprintf.c:2329)
==12268==    by 0x5099725: vfprintf (vfprintf.c:1301)
==12268==    by 0x50A2F25: printf (printf.c:33)
==12268==    by 0x108860: main (main.c:24)
==12268== 
==12268== Use of uninitialised value of size 8
==12268==    at 0x5090F70: __mpn_divrem (divrem.c:62)
==12268==    by 0x509C8D7: hack_digit (printf_fp.c:184)
==12268==    by 0x509DB2F: __printf_fp_l (printf_fp.c:975)
==12268==    by 0x509AA06: vfprintf (vfprintf.c:1642)
==12268==    by 0x509C67F: buffered_vfprintf (vfprintf.c:2329)
==12268==    by 0x5099725: vfprintf (vfprintf.c:1301)
==12268==    by 0x50A2F25: printf (printf.c:33)
==12268==    by 0x108860: main (main.c:24)
==12268== 
==12268== Use of uninitialised value of size 8
==12268==    at 0x5090F73: __mpn_divrem (divrem.c:63)
==12268==    by 0x509C8D7: hack_digit (printf_fp.c:184)
==12268==    by 0x509DB2F: __printf_fp_l (printf_fp.c:975)
==12268==    by 0x509AA06: vfprintf (vfprintf.c:1642)
==12268==    by 0x509C67F: buffered_vfprintf (vfprintf.c:2329)
==12268==    by 0x5099725: vfprintf (vfprintf.c:1301)
==12268==    by 0x50A2F25: printf (printf.c:33)
==12268==    by 0x108860: main (main.c:24)
==12268== 
==12268== Conditional jump or move depends on uninitialised value(s)
==12268==    at 0x5090F84: __mpn_divrem (divrem.c:65)
==12268==    by 0x509C8D7: hack_digit (printf_fp.c:184)
==12268==    by 0x509DB2F: __printf_fp_l (printf_fp.c:975)
==12268==    by 0x509AA06: vfprintf (vfprintf.c:1642)
==12268==    by 0x509C67F: buffered_vfprintf (vfprintf.c:2329)
==12268==    by 0x5099725: vfprintf (vfprintf.c:1301)
==12268==    by 0x50A2F25: printf (printf.c:33)
==12268==    by 0x108860: main (main.c:24)
==12268== 
==12268== Use of uninitialised value of size 8
==12268==    at 0x5090FE3: __mpn_divrem (divrem.c:79)
==12268==    by 0x509C8D7: hack_digit (printf_fp.c:184)
==12268==    by 0x509DB2F: __printf_fp_l (printf_fp.c:975)
==12268==    by 0x509AA06: vfprintf (vfprintf.c:1642)
==12268==    by 0x509C67F: buffered_vfprintf (vfprintf.c:2329)
==12268==    by 0x5099725: vfprintf (vfprintf.c:1301)
==12268==    by 0x50A2F25: printf (printf.c:33)
==12268==    by 0x108860: main (main.c:24)
==12268== 
==12268== Use of uninitialised value of size 8
==12268==    at 0x509C8E4: hack_digit (printf_fp.c:186)
==12268==    by 0x509DB2F: __printf_fp_l (printf_fp.c:975)
==12268==    by 0x509AA06: vfprintf (vfprintf.c:1642)
==12268==    by 0x509C67F: buffered_vfprintf (vfprintf.c:2329)
==12268==    by 0x5099725: vfprintf (vfprintf.c:1301)
==12268==    by 0x50A2F25: printf (printf.c:33)
==12268==    by 0x108860: main (main.c:24)
==12268== 
==12268== Use of uninitialised value of size 8
==12268==    at 0x509C8EC: hack_digit (printf_fp.c:187)
==12268==    by 0x509DB2F: __printf_fp_l (printf_fp.c:975)
==12268==    by 0x509AA06: vfprintf (vfprintf.c:1642)
==12268==    by 0x509C67F: buffered_vfprintf (vfprintf.c:2329)
==12268==    by 0x5099725: vfprintf (vfprintf.c:1301)
==12268==    by 0x50A2F25: printf (printf.c:33)
==12268==    by 0x108860: main (main.c:24)
==12268== 
==12268== Use of uninitialised value of size 8
==12268==    at 0x509C903: hack_digit (printf_fp.c:190)
==12268==    by 0x509DB2F: __printf_fp_l (printf_fp.c:975)
==12268==    by 0x509AA06: vfprintf (vfprintf.c:1642)
==12268==    by 0x509C67F: buffered_vfprintf (vfprintf.c:2329)
==12268==    by 0x5099725: vfprintf (vfprintf.c:1301)
==12268==    by 0x50A2F25: printf (printf.c:33)
==12268==    by 0x108860: main (main.c:24)
==12268== 
==12268== Conditional jump or move depends on uninitialised value(s)
==12268==    at 0x509C909: hack_digit (printf_fp.c:190)
==12268==    by 0x509DB2F: __printf_fp_l (printf_fp.c:975)
==12268==    by 0x509AA06: vfprintf (vfprintf.c:1642)
==12268==    by 0x509C67F: buffered_vfprintf (vfprintf.c:2329)
==12268==    by 0x5099725: vfprintf (vfprintf.c:1301)
==12268==    by 0x50A2F25: printf (printf.c:33)
==12268==    by 0x108860: main (main.c:24)
==12268== 
==12268== Use of uninitialised value of size 8
==12268==    at 0x509EF0B: __printf_fp_l (printf_fp.c:979)
==12268==    by 0x509AA06: vfprintf (vfprintf.c:1642)
==12268==    by 0x509C67F: buffered_vfprintf (vfprintf.c:2329)
==12268==    by 0x5099725: vfprintf (vfprintf.c:1301)
==12268==    by 0x50A2F25: printf (printf.c:33)
==12268==    by 0x108860: main (main.c:24)
==12268== 
==12268== Conditional jump or move depends on uninitialised value(s)
==12268==    at 0x509DCB1: __printf_fp_l (printf_fp.c:1162)
==12268==    by 0x509AA06: vfprintf (vfprintf.c:1642)
==12268==    by 0x509C67F: buffered_vfprintf (vfprintf.c:2329)
==12268==    by 0x5099725: vfprintf (vfprintf.c:1301)
==12268==    by 0x50A2F25: printf (printf.c:33)
==12268==    by 0x108860: main (main.c:24)
==12268== 
==12268== Conditional jump or move depends on uninitialised value(s)
==12268==    at 0x509DDA4: __printf_fp_l (printf_fp.c:1169)
==12268==    by 0x509AA06: vfprintf (vfprintf.c:1642)
==12268==    by 0x509C67F: buffered_vfprintf (vfprintf.c:2329)
==12268==    by 0x5099725: vfprintf (vfprintf.c:1301)
==12268==    by 0x50A2F25: printf (printf.c:33)
==12268==    by 0x108860: main (main.c:24)
==12268== 
==12268== Conditional jump or move depends on uninitialised value(s)
==12268==    at 0x509E89A: __printf_fp_l (printf_fp.c:1225)
==12268==    by 0x509AA06: vfprintf (vfprintf.c:1642)
==12268==    by 0x509C67F: buffered_vfprintf (vfprintf.c:2329)
==12268==    by 0x5099725: vfprintf (vfprintf.c:1301)
==12268==    by 0x50A2F25: printf (printf.c:33)
==12268==    by 0x108860: main (main.c:24)
==12268== 
==12268== Conditional jump or move depends on uninitialised value(s)
==12268==    at 0x509E87B: __printf_fp_l (printf_fp.c:1227)
==12268==    by 0x509AA06: vfprintf (vfprintf.c:1642)
==12268==    by 0x509C67F: buffered_vfprintf (vfprintf.c:2329)
==12268==    by 0x5099725: vfprintf (vfprintf.c:1301)
==12268==    by 0x50A2F25: printf (printf.c:33)
==12268==    by 0x108860: main (main.c:24)
==12268== 
==12268== Syscall param write(buf) points to uninitialised byte(s)
==12268==    at 0x514E154: write (write.c:27)
==12268==    by 0x50C91BC: _IO_file_write@@GLIBC_2.2.5 (fileops.c:1203)
==12268==    by 0x50C9B2E: new_do_write (fileops.c:457)
==12268==    by 0x50C9B2E: _IO_file_xsputn@@GLIBC_2.2.5 (fileops.c:1277)
==12268==    by 0x509C706: buffered_vfprintf (vfprintf.c:2350)
==12268==    by 0x5099725: vfprintf (vfprintf.c:1301)
==12268==    by 0x50A2F25: printf (printf.c:33)
==12268==    by 0x108860: main (main.c:24)
==12268==  Address 0x1ffeffe256 is on thread 1's stack
==12268==  in frame #3, created by buffered_vfprintf (vfprintf.c:2296)
==12268== 
==12268== Use of uninitialised value of size 8
==12268==    at 0x50918C4: __mpn_mul_1 (mul_1.S:36)
==12268==    by 0x5091684: __mpn_mul (mul.c:81)
==12268==    by 0x509D192: __printf_fp_l (printf_fp.c:537)
==12268==    by 0x509AA06: vfprintf (vfprintf.c:1642)
==12268==    by 0x509C67F: buffered_vfprintf (vfprintf.c:2329)
==12268==    by 0x5099725: vfprintf (vfprintf.c:1301)
==12268==    by 0x50A2F25: printf (printf.c:33)
==12268==    by 0x10887E: main (main.c:25)
==12268== 
==12268== Use of uninitialised value of size 8
==12268==    at 0x509194F: __mpn_mul_1 (mul_1.S:85)
==12268==    by 0x5091684: __mpn_mul (mul.c:81)
==12268==    by 0x509D192: __printf_fp_l (printf_fp.c:537)
==12268==    by 0x509AA06: vfprintf (vfprintf.c:1642)
==12268==    by 0x509C67F: buffered_vfprintf (vfprintf.c:2329)
==12268==    by 0x5099725: vfprintf (vfprintf.c:1301)
==12268==    by 0x50A2F25: printf (printf.c:33)
==12268==    by 0x10887E: main (main.c:25)
==12268== 
==12268== Use of uninitialised value of size 8
==12268==    at 0x50919C2: __mpn_mul_1 (mul_1.S:117)
==12268==    by 0x5091684: __mpn_mul (mul.c:81)
==12268==    by 0x509D192: __printf_fp_l (printf_fp.c:537)
==12268==    by 0x509AA06: vfprintf (vfprintf.c:1642)
==12268==    by 0x509C67F: buffered_vfprintf (vfprintf.c:2329)
==12268==    by 0x5099725: vfprintf (vfprintf.c:1301)
==12268==    by 0x50A2F25: printf (printf.c:33)
==12268==    by 0x10887E: main (main.c:25)
==12268== 
==12268== Use of uninitialised value of size 8
==12268==    at 0x5091695: __mpn_mul (mul.c:83)
==12268==    by 0x509D192: __printf_fp_l (printf_fp.c:537)
==12268==    by 0x509AA06: vfprintf (vfprintf.c:1642)
==12268==    by 0x509C67F: buffered_vfprintf (vfprintf.c:2329)
==12268==    by 0x5099725: vfprintf (vfprintf.c:1301)
==12268==    by 0x50A2F25: printf (printf.c:33)
==12268==    by 0x10887E: main (main.c:25)
==12268== 
==12268== Use of uninitialised value of size 8
==12268==    at 0x509F0C4: __printf_fp_l (printf_fp.c:943)
==12268==    by 0x509AA06: vfprintf (vfprintf.c:1642)
==12268==    by 0x509C67F: buffered_vfprintf (vfprintf.c:2329)
==12268==    by 0x5099725: vfprintf (vfprintf.c:1301)
==12268==    by 0x50A2F25: printf (printf.c:33)
==12268==    by 0x10887E: main (main.c:25)
==12268== 
==12268== Conditional jump or move depends on uninitialised value(s)
==12268==    at 0x509F0C8: __printf_fp_l (printf_fp.c:943)
==12268==    by 0x509AA06: vfprintf (vfprintf.c:1642)
==12268==    by 0x509C67F: buffered_vfprintf (vfprintf.c:2329)
==12268==    by 0x5099725: vfprintf (vfprintf.c:1301)
==12268==    by 0x50A2F25: printf (printf.c:33)
==12268==    by 0x10887E: main (main.c:25)
==12268== 
==12268== Use of uninitialised value of size 8
==12268==    at 0x509DB07: __printf_fp_l (printf_fp.c:959)
==12268==    by 0x509AA06: vfprintf (vfprintf.c:1642)
==12268==    by 0x509C67F: buffered_vfprintf (vfprintf.c:2329)
==12268==    by 0x5099725: vfprintf (vfprintf.c:1301)
==12268==    by 0x50A2F25: printf (printf.c:33)
==12268==    by 0x10887E: main (main.c:25)
==12268== 
==12268== Conditional jump or move depends on uninitialised value(s)
==12268==    at 0x509DB0B: __printf_fp_l (printf_fp.c:959)
==12268==    by 0x509AA06: vfprintf (vfprintf.c:1642)
==12268==    by 0x509C67F: buffered_vfprintf (vfprintf.c:2329)
==12268==    by 0x5099725: vfprintf (vfprintf.c:1301)
==12268==    by 0x50A2F25: printf (printf.c:33)
==12268==    by 0x10887E: main (main.c:25)
==12268== 
==12268== Conditional jump or move depends on uninitialised value(s)
==12268==    at 0x5092A35: __mpn_extract_double (dbl2mpn.c:60)
==12268==    by 0x509D208: __printf_fp_l (printf_fp.c:392)
==12268==    by 0x509AA06: vfprintf (vfprintf.c:1642)
==12268==    by 0x509C67F: buffered_vfprintf (vfprintf.c:2329)
==12268==    by 0x5099725: vfprintf (vfprintf.c:1301)
==12268==    by 0x50A2F25: printf (printf.c:33)
==12268==    by 0x10889C: main (main.c:26)
==12268== 
==12268== Conditional jump or move depends on uninitialised value(s)
==12268==    at 0x509DB1D: __printf_fp_l (printf_fp.c:974)
==12268==    by 0x509AA06: vfprintf (vfprintf.c:1642)
==12268==    by 0x509C67F: buffered_vfprintf (vfprintf.c:2329)
==12268==    by 0x5099725: vfprintf (vfprintf.c:1301)
==12268==    by 0x50A2F25: printf (printf.c:33)
==12268==    by 0x10889C: main (main.c:26)
==12268== 
==12268== Conditional jump or move depends on uninitialised value(s)
==12268==    at 0x509DB3E: __printf_fp_l (printf_fp.c:977)
==12268==    by 0x509AA06: vfprintf (vfprintf.c:1642)
==12268==    by 0x509C67F: buffered_vfprintf (vfprintf.c:2329)
==12268==    by 0x5099725: vfprintf (vfprintf.c:1301)
==12268==    by 0x50A2F25: printf (printf.c:33)
==12268==    by 0x10889C: main (main.c:26)
==12268== 
==12268== Conditional jump or move depends on uninitialised value(s)
==12268==    at 0x509EC3D: __printf_fp_l (printf_fp.c:987)
==12268==    by 0x509AA06: vfprintf (vfprintf.c:1642)
==12268==    by 0x509C67F: buffered_vfprintf (vfprintf.c:2329)
==12268==    by 0x5099725: vfprintf (vfprintf.c:1301)
==12268==    by 0x50A2F25: printf (printf.c:33)
==12268==    by 0x10889C: main (main.c:26)
==12268== 
==12268== Conditional jump or move depends on uninitialised value(s)
==12268==    at 0x509EC58: __printf_fp_l (printf_fp.c:987)
==12268==    by 0x509AA06: vfprintf (vfprintf.c:1642)
==12268==    by 0x509C67F: buffered_vfprintf (vfprintf.c:2329)
==12268==    by 0x5099725: vfprintf (vfprintf.c:1301)
==12268==    by 0x50A2F25: printf (printf.c:33)
==12268==    by 0x10889C: main (main.c:26)
==12268== 
==12268== Conditional jump or move depends on uninitialised value(s)
==12268==    at 0x509E2CC: round_away (rounding-mode.h:52)
==12268==    by 0x509E2CC: __printf_fp_l (printf_fp.c:994)
==12268==    by 0x509AA06: vfprintf (vfprintf.c:1642)
==12268==    by 0x509C67F: buffered_vfprintf (vfprintf.c:2329)
==12268==    by 0x5099725: vfprintf (vfprintf.c:1301)
==12268==    by 0x50A2F25: printf (printf.c:33)
==12268==    by 0x10889C: main (main.c:26)
==12268== 
==12268== Conditional jump or move depends on uninitialised value(s)
==12268==    at 0x509DBBB: __printf_fp_l (printf_fp.c:1093)
==12268==    by 0x509AA06: vfprintf (vfprintf.c:1642)
==12268==    by 0x509C67F: buffered_vfprintf (vfprintf.c:2329)
==12268==    by 0x5099725: vfprintf (vfprintf.c:1301)
==12268==    by 0x50A2F25: printf (printf.c:33)
==12268==    by 0x10889C: main (main.c:26)
==12268== 
==12268== Conditional jump or move depends on uninitialised value(s)
==12268==    at 0x509DDFA: __printf_fp_l (printf_fp.c:645)
==12268==    by 0x509AA06: vfprintf (vfprintf.c:1642)
==12268==    by 0x509C67F: buffered_vfprintf (vfprintf.c:2329)
==12268==    by 0x5099725: vfprintf (vfprintf.c:1301)
==12268==    by 0x50A2F25: printf (printf.c:33)
==12268==    by 0x1088BA: main (main.c:27)
==12268== 
==12268== 
==12268== More than 100 errors detected.  Subsequent errors
==12268== will still be recorded, but in less detail than before.
==12268== Use of uninitialised value of size 8
==12268==    at 0x509E3E7: __printf_fp_l (printf_fp.c:661)
==12268==    by 0x509AA06: vfprintf (vfprintf.c:1642)
==12268==    by 0x509C67F: buffered_vfprintf (vfprintf.c:2329)
==12268==    by 0x5099725: vfprintf (vfprintf.c:1301)
==12268==    by 0x50A2F25: printf (printf.c:33)
==12268==    by 0x1088BA: main (main.c:27)
==12268== 
==12268== Use of uninitialised value of size 8
==12268==    at 0x5091288: __mpn_lshift (lshift.S:59)
==12268==    by 0x509E3EB: __printf_fp_l (printf_fp.c:661)
==12268==    by 0x509AA06: vfprintf (vfprintf.c:1642)
==12268==    by 0x509C67F: buffered_vfprintf (vfprintf.c:2329)
==12268==    by 0x5099725: vfprintf (vfprintf.c:1301)
==12268==    by 0x50A2F25: printf (printf.c:33)
==12268==    by 0x1088BA: main (main.c:27)
==12268== 
==12268== Use of uninitialised value of size 8
==12268==    at 0x509128B: __mpn_lshift (lshift.S:60)
==12268==    by 0x509E3EB: __printf_fp_l (printf_fp.c:661)
==12268==    by 0x509AA06: vfprintf (vfprintf.c:1642)
==12268==    by 0x509C67F: buffered_vfprintf (vfprintf.c:2329)
==12268==    by 0x5099725: vfprintf (vfprintf.c:1301)
==12268==    by 0x50A2F25: printf (printf.c:33)
==12268==    by 0x1088BA: main (main.c:27)
==12268== 
==12268== Use of uninitialised value of size 8
==12268==    at 0x509E41C: __printf_fp_l (printf_fp.c:662)
==12268==    by 0x509AA06: vfprintf (vfprintf.c:1642)
==12268==    by 0x509C67F: buffered_vfprintf (vfprintf.c:2329)
==12268==    by 0x5099725: vfprintf (vfprintf.c:1301)
==12268==    by 0x50A2F25: printf (printf.c:33)
==12268==    by 0x1088BA: main (main.c:27)
==12268== 
==12268== Conditional jump or move depends on uninitialised value(s)
==12268==    at 0x509E4F5: __printf_fp_l (printf_fp.c:673)
==12268==    by 0x509AA06: vfprintf (vfprintf.c:1642)
==12268==    by 0x509C67F: buffered_vfprintf (vfprintf.c:2329)
==12268==    by 0x5099725: vfprintf (vfprintf.c:1301)
==12268==    by 0x50A2F25: printf (printf.c:33)
==12268==    by 0x1088BA: main (main.c:27)
==12268== 
==12268== Conditional jump or move depends on uninitialised value(s)
==12268==    at 0x509E4E8: __printf_fp_l (printf_fp.c:785)
==12268==    by 0x509AA06: vfprintf (vfprintf.c:1642)
==12268==    by 0x509C67F: buffered_vfprintf (vfprintf.c:2329)
==12268==    by 0x5099725: vfprintf (vfprintf.c:1301)
==12268==    by 0x50A2F25: printf (printf.c:33)
==12268==    by 0x1088BA: main (main.c:27)
==12268== 
==12268== Use of uninitialised value of size 8
==12268==    at 0x50914D0: __mpn_mul (mul.c:71)
==12268==    by 0x509E462: __printf_fp_l (printf_fp.c:681)
==12268==    by 0x509AA06: vfprintf (vfprintf.c:1642)
==12268==    by 0x509C67F: buffered_vfprintf (vfprintf.c:2329)
==12268==    by 0x5099725: vfprintf (vfprintf.c:1301)
==12268==    by 0x50A2F25: printf (printf.c:33)
==12268==    by 0x1088BA: main (main.c:27)
==12268== 
==12268== Conditional jump or move depends on uninitialised value(s)
==12268==    at 0x50914D7: __mpn_mul (mul.c:72)
==12268==    by 0x509E462: __printf_fp_l (printf_fp.c:681)
==12268==    by 0x509AA06: vfprintf (vfprintf.c:1642)
==12268==    by 0x509C67F: buffered_vfprintf (vfprintf.c:2329)
==12268==    by 0x5099725: vfprintf (vfprintf.c:1301)
==12268==    by 0x50A2F25: printf (printf.c:33)
==12268==    by 0x1088BA: main (main.c:27)
==12268== 
==12268== Use of uninitialised value of size 8
==12268==    at 0x5091960: __mpn_mul_1 (mul_1.S:90)
==12268==    by 0x5091684: __mpn_mul (mul.c:81)
==12268==    by 0x509E462: __printf_fp_l (printf_fp.c:681)
==12268==    by 0x509AA06: vfprintf (vfprintf.c:1642)
==12268==    by 0x509C67F: buffered_vfprintf (vfprintf.c:2329)
==12268==    by 0x5099725: vfprintf (vfprintf.c:1301)
==12268==    by 0x50A2F25: printf (printf.c:33)
==12268==    by 0x1088BA: main (main.c:27)
==12268== 
==12268== Use of uninitialised value of size 8
==12268==    at 0x5091695: __mpn_mul (mul.c:83)
==12268==    by 0x509E462: __printf_fp_l (printf_fp.c:681)
==12268==    by 0x509AA06: vfprintf (vfprintf.c:1642)
==12268==    by 0x509C67F: buffered_vfprintf (vfprintf.c:2329)
==12268==    by 0x5099725: vfprintf (vfprintf.c:1301)
==12268==    by 0x50A2F25: printf (printf.c:33)
==12268==    by 0x1088BA: main (main.c:27)
==12268== 
==12268== Use of uninitialised value of size 8
==12268==    at 0x50916E4: __mpn_mul (mul.c:90)
==12268==    by 0x509E462: __printf_fp_l (printf_fp.c:681)
==12268==    by 0x509AA06: vfprintf (vfprintf.c:1642)
==12268==    by 0x509C67F: buffered_vfprintf (vfprintf.c:2329)
==12268==    by 0x5099725: vfprintf (vfprintf.c:1301)
==12268==    by 0x50A2F25: printf (printf.c:33)
==12268==    by 0x1088BA: main (main.c:27)
==12268== 
==12268== Conditional jump or move depends on uninitialised value(s)
==12268==    at 0x50916EB: __mpn_mul (mul.c:91)
==12268==    by 0x509E462: __printf_fp_l (printf_fp.c:681)
==12268==    by 0x509AA06: vfprintf (vfprintf.c:1642)
==12268==    by 0x509C67F: buffered_vfprintf (vfprintf.c:2329)
==12268==    by 0x5099725: vfprintf (vfprintf.c:1301)
==12268==    by 0x50A2F25: printf (printf.c:33)
==12268==    by 0x1088BA: main (main.c:27)
==12268== 
==12268== Conditional jump or move depends on uninitialised value(s)
==12268==    at 0x50916CD: __mpn_mul (mul.c:94)
==12268==    by 0x509E462: __printf_fp_l (printf_fp.c:681)
==12268==    by 0x509AA06: vfprintf (vfprintf.c:1642)
==12268==    by 0x509C67F: buffered_vfprintf (vfprintf.c:2329)
==12268==    by 0x5099725: vfprintf (vfprintf.c:1301)
==12268==    by 0x50A2F25: printf (printf.c:33)
==12268==    by 0x1088BA: main (main.c:27)
==12268== 
==12268== Use of uninitialised value of size 8
==12268==    at 0x5090A33: __mpn_add_n (add_n.S:37)
==12268==    by 0x5091711: __mpn_mul (mul.c:95)
==12268==    by 0x509E462: __printf_fp_l (printf_fp.c:681)
==12268==    by 0x509AA06: vfprintf (vfprintf.c:1642)
==12268==    by 0x509C67F: buffered_vfprintf (vfprintf.c:2329)
==12268==    by 0x5099725: vfprintf (vfprintf.c:1301)
==12268==    by 0x50A2F25: printf (printf.c:33)
==12268==    by 0x1088BA: main (main.c:27)
==12268== 
==12268== Use of uninitialised value of size 8
==12268==    at 0x50916CF: __mpn_mul (mul.c:100)
==12268==    by 0x509E462: __printf_fp_l (printf_fp.c:681)
==12268==    by 0x509AA06: vfprintf (vfprintf.c:1642)
==12268==    by 0x509C67F: buffered_vfprintf (vfprintf.c:2329)
==12268==    by 0x5099725: vfprintf (vfprintf.c:1301)
==12268==    by 0x50A2F25: printf (printf.c:33)
==12268==    by 0x1088BA: main (main.c:27)
==12268== 
==12268== Conditional jump or move depends on uninitialised value(s)
==12268==    at 0x50916DE: __mpn_mul (mul.c:88)
==12268==    by 0x509E462: __printf_fp_l (printf_fp.c:681)
==12268==    by 0x509AA06: vfprintf (vfprintf.c:1642)
==12268==    by 0x509C67F: buffered_vfprintf (vfprintf.c:2329)
==12268==    by 0x5099725: vfprintf (vfprintf.c:1301)
==12268==    by 0x50A2F25: printf (printf.c:33)
==12268==    by 0x1088BA: main (main.c:27)
==12268== 
==12268== Conditional jump or move depends on uninitialised value(s)
==12268==    at 0x509E474: __printf_fp_l (printf_fp.c:690)
==12268==    by 0x509AA06: vfprintf (vfprintf.c:1642)
==12268==    by 0x509C67F: buffered_vfprintf (vfprintf.c:2329)
==12268==    by 0x5099725: vfprintf (vfprintf.c:1301)
==12268==    by 0x50A2F25: printf (printf.c:33)
==12268==    by 0x1088BA: main (main.c:27)
==12268== 
==12268== Use of uninitialised value of size 8
==12268==    at 0x509E4A1: __printf_fp_l (printf_fp.c:693)
==12268==    by 0x509AA06: vfprintf (vfprintf.c:1642)
==12268==    by 0x509C67F: buffered_vfprintf (vfprintf.c:2329)
==12268==    by 0x5099725: vfprintf (vfprintf.c:1301)
==12268==    by 0x50A2F25: printf (printf.c:33)
==12268==    by 0x1088BA: main (main.c:27)
==12268== 
==12268== Conditional jump or move depends on uninitialised value(s)
==12268==    at 0x509E4C0: __printf_fp_l (printf_fp.c:702)
==12268==    by 0x509AA06: vfprintf (vfprintf.c:1642)
==12268==    by 0x509C67F: buffered_vfprintf (vfprintf.c:2329)
==12268==    by 0x5099725: vfprintf (vfprintf.c:1301)
==12268==    by 0x50A2F25: printf (printf.c:33)
==12268==    by 0x1088BA: main (main.c:27)
==12268== 
==12268== Conditional jump or move depends on uninitialised value(s)
==12268==    at 0x509E4CC: __printf_fp_l (printf_fp.c:724)
==12268==    by 0x509AA06: vfprintf (vfprintf.c:1642)
==12268==    by 0x509C67F: buffered_vfprintf (vfprintf.c:2329)
==12268==    by 0x5099725: vfprintf (vfprintf.c:1301)
==12268==    by 0x50A2F25: printf (printf.c:33)
==12268==    by 0x1088BA: main (main.c:27)
==12268== 
==12268== Use of uninitialised value of size 8
==12268==    at 0x509E57C: __printf_fp_l (printf_fp.c:741)
==12268==    by 0x509AA06: vfprintf (vfprintf.c:1642)
==12268==    by 0x509C67F: buffered_vfprintf (vfprintf.c:2329)
==12268==    by 0x5099725: vfprintf (vfprintf.c:1301)
==12268==    by 0x50A2F25: printf (printf.c:33)
==12268==    by 0x1088BA: main (main.c:27)
==12268== 
==12268== Conditional jump or move depends on uninitialised value(s)
==12268==    at 0x509E582: __printf_fp_l (printf_fp.c:741)
==12268==    by 0x509AA06: vfprintf (vfprintf.c:1642)
==12268==    by 0x509C67F: buffered_vfprintf (vfprintf.c:2329)
==12268==    by 0x5099725: vfprintf (vfprintf.c:1301)
==12268==    by 0x50A2F25: printf (printf.c:33)
==12268==    by 0x1088BA: main (main.c:27)
==12268== 
==12268== Use of uninitialised value of size 8
==12268==    at 0x509E5A6: __printf_fp_l (printf_fp.c:741)
==12268==    by 0x509AA06: vfprintf (vfprintf.c:1642)
==12268==    by 0x509C67F: buffered_vfprintf (vfprintf.c:2329)
==12268==    by 0x5099725: vfprintf (vfprintf.c:1301)
==12268==    by 0x50A2F25: printf (printf.c:33)
==12268==    by 0x1088BA: main (main.c:27)
==12268== 
==12268== Conditional jump or move depends on uninitialised value(s)
==12268==    at 0x509E5C3: __printf_fp_l (printf_fp.c:741)
==12268==    by 0x509AA06: vfprintf (vfprintf.c:1642)
==12268==    by 0x509C67F: buffered_vfprintf (vfprintf.c:2329)
==12268==    by 0x5099725: vfprintf (vfprintf.c:1301)
==12268==    by 0x50A2F25: printf (printf.c:33)
==12268==    by 0x1088BA: main (main.c:27)
==12268== 
==12268== Conditional jump or move depends on uninitialised value(s)
==12268==    at 0x509E5C9: __printf_fp_l (printf_fp.c:742)
==12268==    by 0x509AA06: vfprintf (vfprintf.c:1642)
==12268==    by 0x509C67F: buffered_vfprintf (vfprintf.c:2329)
==12268==    by 0x5099725: vfprintf (vfprintf.c:1301)
==12268==    by 0x50A2F25: printf (printf.c:33)
==12268==    by 0x1088BA: main (main.c:27)
==12268== 
==12268== Conditional jump or move depends on uninitialised value(s)
==12268==    at 0x509E5E8: __printf_fp_l (printf_fp.c:763)
==12268==    by 0x509AA06: vfprintf (vfprintf.c:1642)
==12268==    by 0x509C67F: buffered_vfprintf (vfprintf.c:2329)
==12268==    by 0x5099725: vfprintf (vfprintf.c:1301)
==12268==    by 0x50A2F25: printf (printf.c:33)
==12268==    by 0x1088BA: main (main.c:27)
==12268== 
==12268== Use of uninitialised value of size 8
==12268==    at 0x50913F8: __mpn_rshift (rshift.S:92)
==12268==    by 0x509E5FD: __printf_fp_l (printf_fp.c:775)
==12268==    by 0x509AA06: vfprintf (vfprintf.c:1642)
==12268==    by 0x509C67F: buffered_vfprintf (vfprintf.c:2329)
==12268==    by 0x5099725: vfprintf (vfprintf.c:1301)
==12268==    by 0x50A2F25: printf (printf.c:33)
==12268==    by 0x1088BA: main (main.c:27)
==12268== 
==12268== Use of uninitialised value of size 8
==12268==    at 0x5091995: __mpn_mul_1 (mul_1.S:104)
==12268==    by 0x5091684: __mpn_mul (mul.c:81)
==12268==    by 0x509E533: __printf_fp_l (printf_fp.c:686)
==12268==    by 0x509AA06: vfprintf (vfprintf.c:1642)
==12268==    by 0x509C67F: buffered_vfprintf (vfprintf.c:2329)
==12268==    by 0x5099725: vfprintf (vfprintf.c:1301)
==12268==    by 0x50A2F25: printf (printf.c:33)
==12268==    by 0x1088BA: main (main.c:27)
==12268== 
==12268== Use of uninitialised value of size 8
==12268==    at 0x509199D: __mpn_mul_1 (mul_1.S:106)
==12268==    by 0x5091684: __mpn_mul (mul.c:81)
==12268==    by 0x509E533: __printf_fp_l (printf_fp.c:686)
==12268==    by 0x509AA06: vfprintf (vfprintf.c:1642)
==12268==    by 0x509C67F: buffered_vfprintf (vfprintf.c:2329)
==12268==    by 0x5099725: vfprintf (vfprintf.c:1301)
==12268==    by 0x50A2F25: printf (printf.c:33)
==12268==    by 0x1088BA: main (main.c:27)
==12268== 
==12268== Use of uninitialised value of size 8
==12268==    at 0x5091967: __mpn_mul_1 (mul_1.S:92)
==12268==    by 0x5091684: __mpn_mul (mul.c:81)
==12268==    by 0x509E533: __printf_fp_l (printf_fp.c:686)
==12268==    by 0x509AA06: vfprintf (vfprintf.c:1642)
==12268==    by 0x509C67F: buffered_vfprintf (vfprintf.c:2329)
==12268==    by 0x5099725: vfprintf (vfprintf.c:1301)
==12268==    by 0x50A2F25: printf (printf.c:33)
==12268==    by 0x1088BA: main (main.c:27)
==12268== 
==12268== Use of uninitialised value of size 8
==12268==    at 0x5091695: __mpn_mul (mul.c:83)
==12268==    by 0x509E533: __printf_fp_l (printf_fp.c:686)
==12268==    by 0x509AA06: vfprintf (vfprintf.c:1642)
==12268==    by 0x509C67F: buffered_vfprintf (vfprintf.c:2329)
==12268==    by 0x5099725: vfprintf (vfprintf.c:1301)
==12268==    by 0x50A2F25: printf (printf.c:33)
==12268==    by 0x1088BA: main (main.c:27)
==12268== 
==12268== Use of uninitialised value of size 8
==12268==    at 0x5090AE8: __mpn_addmul_1 (addmul_1.S:40)
==12268==    by 0x1FFEFFD7CF: ???
==12268==    by 0x509E533: __printf_fp_l (printf_fp.c:686)
==12268==    by 0x509AA06: vfprintf (vfprintf.c:1642)
==12268==    by 0x509C67F: buffered_vfprintf (vfprintf.c:2329)
==12268==    by 0x5099725: vfprintf (vfprintf.c:1301)
==12268==    by 0x50A2F25: printf (printf.c:33)
==12268==    by 0x1088BA: main (main.c:27)
==12268== 
==12268== Use of uninitialised value of size 8
==12268==    at 0x5090AEB: __mpn_addmul_1 (addmul_1.S:41)
==12268==    by 0x1FFEFFD7CF: ???
==12268==    by 0x509E533: __printf_fp_l (printf_fp.c:686)
==12268==    by 0x509AA06: vfprintf (vfprintf.c:1642)
==12268==    by 0x509C67F: buffered_vfprintf (vfprintf.c:2329)
==12268==    by 0x5099725: vfprintf (vfprintf.c:1301)
==12268==    by 0x50A2F25: printf (printf.c:33)
==12268==    by 0x1088BA: main (main.c:27)
==12268== 
==12268== Use of uninitialised value of size 8
==12268==    at 0x50916CF: __mpn_mul (mul.c:100)
==12268==    by 0x509E533: __printf_fp_l (printf_fp.c:686)
==12268==    by 0x509AA06: vfprintf (vfprintf.c:1642)
==12268==    by 0x509C67F: buffered_vfprintf (vfprintf.c:2329)
==12268==    by 0x5099725: vfprintf (vfprintf.c:1301)
==12268==    by 0x50A2F25: printf (printf.c:33)
==12268==    by 0x1088BA: main (main.c:27)
==12268== 
==12268== Conditional jump or move depends on uninitialised value(s)
==12268==    at 0x50916DE: __mpn_mul (mul.c:88)
==12268==    by 0x509E533: __printf_fp_l (printf_fp.c:686)
==12268==    by 0x509AA06: vfprintf (vfprintf.c:1642)
==12268==    by 0x509C67F: buffered_vfprintf (vfprintf.c:2329)
==12268==    by 0x5099725: vfprintf (vfprintf.c:1301)
==12268==    by 0x50A2F25: printf (printf.c:33)
==12268==    by 0x1088BA: main (main.c:27)
==12268== 
==12268== Conditional jump or move depends on uninitialised value(s)
==12268==    at 0x509F3E1: __printf_fp_l (printf_fp.c:742)
==12268==    by 0x509AA06: vfprintf (vfprintf.c:1642)
==12268==    by 0x509C67F: buffered_vfprintf (vfprintf.c:2329)
==12268==    by 0x5099725: vfprintf (vfprintf.c:1301)
==12268==    by 0x50A2F25: printf (printf.c:33)
==12268==    by 0x1088BA: main (main.c:27)
==12268== 
==12268== Conditional jump or move depends on uninitialised value(s)
==12268==    at 0x509F3FD: __printf_fp_l (printf_fp.c:752)
==12268==    by 0x509AA06: vfprintf (vfprintf.c:1642)
==12268==    by 0x509C67F: buffered_vfprintf (vfprintf.c:2329)
==12268==    by 0x5099725: vfprintf (vfprintf.c:1301)
==12268==    by 0x50A2F25: printf (printf.c:33)
==12268==    by 0x1088BA: main (main.c:27)
==12268== 
==12268== Use of uninitialised value of size 8
==12268==    at 0x5091347: __mpn_rshift (rshift.S:33)
==12268==    by 0x509E5FD: __printf_fp_l (printf_fp.c:775)
==12268==    by 0x509AA06: vfprintf (vfprintf.c:1642)
==12268==    by 0x509C67F: buffered_vfprintf (vfprintf.c:2329)
==12268==    by 0x5099725: vfprintf (vfprintf.c:1301)
==12268==    by 0x50A2F25: printf (printf.c:33)
==12268==    by 0x1088BA: main (main.c:27)
==12268== 
==12268== Use of uninitialised value of size 8
==12268==    at 0x509141A: __mpn_rshift (rshift.S:101)
==12268==    by 0x509E5FD: __printf_fp_l (printf_fp.c:775)
==12268==    by 0x509AA06: vfprintf (vfprintf.c:1642)
==12268==    by 0x509C67F: buffered_vfprintf (vfprintf.c:2329)
==12268==    by 0x5099725: vfprintf (vfprintf.c:1301)
==12268==    by 0x50A2F25: printf (printf.c:33)
==12268==    by 0x1088BA: main (main.c:27)
==12268== 
==12268== Use of uninitialised value of size 8
==12268==    at 0x5091982: __mpn_mul_1 (mul_1.S:99)
==12268==    by 0x5091684: __mpn_mul (mul.c:81)
==12268==    by 0x509E533: __printf_fp_l (printf_fp.c:686)
==12268==    by 0x509AA06: vfprintf (vfprintf.c:1642)
==12268==    by 0x509C67F: buffered_vfprintf (vfprintf.c:2329)
==12268==    by 0x5099725: vfprintf (vfprintf.c:1301)
==12268==    by 0x50A2F25: printf (printf.c:33)
==12268==    by 0x1088BA: main (main.c:27)
==12268== 
==12268== Use of uninitialised value of size 8
==12268==    at 0x509198A: __mpn_mul_1 (mul_1.S:101)
==12268==    by 0x5091684: __mpn_mul (mul.c:81)
==12268==    by 0x509E533: __printf_fp_l (printf_fp.c:686)
==12268==    by 0x509AA06: vfprintf (vfprintf.c:1642)
==12268==    by 0x509C67F: buffered_vfprintf (vfprintf.c:2329)
==12268==    by 0x5099725: vfprintf (vfprintf.c:1301)
==12268==    by 0x50A2F25: printf (printf.c:33)
==12268==    by 0x1088BA: main (main.c:27)
==12268== 
==12268== Use of uninitialised value of size 8
==12268==    at 0x5091241: __mpn_lshift (lshift.S:36)
==12268==    by 0x509F41C: __printf_fp_l (printf_fp.c:758)
==12268==    by 0x509AA06: vfprintf (vfprintf.c:1642)
==12268==    by 0x509C67F: buffered_vfprintf (vfprintf.c:2329)
==12268==    by 0x5099725: vfprintf (vfprintf.c:1301)
==12268==    by 0x50A2F25: printf (printf.c:33)
==12268==    by 0x1088BA: main (main.c:27)
==12268== 
==12268== Use of uninitialised value of size 8
==12268==    at 0x509130A: __mpn_lshift (lshift.S:103)
==12268==    by 0x509F41C: __printf_fp_l (printf_fp.c:758)
==12268==    by 0x509AA06: vfprintf (vfprintf.c:1642)
==12268==    by 0x509C67F: buffered_vfprintf (vfprintf.c:2329)
==12268==    by 0x5099725: vfprintf (vfprintf.c:1301)
==12268==    by 0x50A2F25: printf (printf.c:33)
==12268==    by 0x1088BA: main (main.c:27)
==12268== 
==12268== Use of uninitialised value of size 8
==12268==    at 0x50912E7: __mpn_lshift (lshift.S:94)
==12268==    by 0x509F41C: __printf_fp_l (printf_fp.c:758)
==12268==    by 0x509AA06: vfprintf (vfprintf.c:1642)
==12268==    by 0x509C67F: buffered_vfprintf (vfprintf.c:2329)
==12268==    by 0x5099725: vfprintf (vfprintf.c:1301)
==12268==    by 0x50A2F25: printf (printf.c:33)
==12268==    by 0x1088BA: main (main.c:27)
==12268== 
==12268== Use of uninitialised value of size 8
==12268==    at 0x509F433: __printf_fp_l (printf_fp.c:761)
==12268==    by 0x509AA06: vfprintf (vfprintf.c:1642)
==12268==    by 0x509C67F: buffered_vfprintf (vfprintf.c:2329)
==12268==    by 0x5099725: vfprintf (vfprintf.c:1301)
==12268==    by 0x50A2F25: printf (printf.c:33)
==12268==    by 0x1088BA: main (main.c:27)
==12268== 
==12268== Use of uninitialised value of size 8
==12268==    at 0x5091905: __mpn_mul_1 (mul_1.S:60)
==12268==    by 0x5091684: __mpn_mul (mul.c:81)
==12268==    by 0x509E533: __printf_fp_l (printf_fp.c:686)
==12268==    by 0x509AA06: vfprintf (vfprintf.c:1642)
==12268==    by 0x509C67F: buffered_vfprintf (vfprintf.c:2329)
==12268==    by 0x5099725: vfprintf (vfprintf.c:1301)
==12268==    by 0x50A2F25: printf (printf.c:33)
==12268==    by 0x1088BA: main (main.c:27)
==12268== 
==12268== Use of uninitialised value of size 8
==12268==    at 0x5091977: __mpn_mul_1 (mul_1.S:96)
==12268==    by 0x5091684: __mpn_mul (mul.c:81)
==12268==    by 0x509E533: __printf_fp_l (printf_fp.c:686)
==12268==    by 0x509AA06: vfprintf (vfprintf.c:1642)
==12268==    by 0x509C67F: buffered_vfprintf (vfprintf.c:2329)
==12268==    by 0x5099725: vfprintf (vfprintf.c:1301)
==12268==    by 0x50A2F25: printf (printf.c:33)
==12268==    by 0x1088BA: main (main.c:27)
==12268== 
==12268== Use of uninitialised value of size 8
==12268==    at 0x509136E: __mpn_rshift (rshift.S:46)
==12268==    by 0x509E5FD: __printf_fp_l (printf_fp.c:775)
==12268==    by 0x509AA06: vfprintf (vfprintf.c:1642)
==12268==    by 0x509C67F: buffered_vfprintf (vfprintf.c:2329)
==12268==    by 0x5099725: vfprintf (vfprintf.c:1301)
==12268==    by 0x50A2F25: printf (printf.c:33)
==12268==    by 0x1088BA: main (main.c:27)
==12268== 
==12268== Use of uninitialised value of size 8
==12268==    at 0x509137D: __mpn_rshift (rshift.S:51)
==12268==    by 0x509E5FD: __printf_fp_l (printf_fp.c:775)
==12268==    by 0x509AA06: vfprintf (vfprintf.c:1642)
==12268==    by 0x509C67F: buffered_vfprintf (vfprintf.c:2329)
==12268==    by 0x5099725: vfprintf (vfprintf.c:1301)
==12268==    by 0x50A2F25: printf (printf.c:33)
==12268==    by 0x1088BA: main (main.c:27)
==12268== 
==12268== Use of uninitialised value of size 8
==12268==    at 0x509140A: __mpn_rshift (rshift.S:97)
==12268==    by 0x509E5FD: __printf_fp_l (printf_fp.c:775)
==12268==    by 0x509AA06: vfprintf (vfprintf.c:1642)
==12268==    by 0x509C67F: buffered_vfprintf (vfprintf.c:2329)
==12268==    by 0x5099725: vfprintf (vfprintf.c:1301)
==12268==    by 0x50A2F25: printf (printf.c:33)
==12268==    by 0x1088BA: main (main.c:27)
==12268== 
==12268== Use of uninitialised value of size 8
==12268==    at 0x509140E: __mpn_rshift (rshift.S:98)
==12268==    by 0x509E5FD: __printf_fp_l (printf_fp.c:775)
==12268==    by 0x509AA06: vfprintf (vfprintf.c:1642)
==12268==    by 0x509C67F: buffered_vfprintf (vfprintf.c:2329)
==12268==    by 0x5099725: vfprintf (vfprintf.c:1301)
==12268==    by 0x50A2F25: printf (printf.c:33)
==12268==    by 0x1088BA: main (main.c:27)
==12268== 
==12268== Use of uninitialised value of size 8
==12268==    at 0x50913F4: __mpn_rshift (rshift.S:91)
==12268==    by 0x509E5FD: __printf_fp_l (printf_fp.c:775)
==12268==    by 0x509AA06: vfprintf (vfprintf.c:1642)
==12268==    by 0x509C67F: buffered_vfprintf (vfprintf.c:2329)
==12268==    by 0x5099725: vfprintf (vfprintf.c:1301)
==12268==    by 0x50A2F25: printf (printf.c:33)
==12268==    by 0x1088BA: main (main.c:27)
==12268== 
==12268== Use of uninitialised value of size 8
==12268==    at 0x509EC37: __printf_fp_l (printf_fp.c:987)
==12268==    by 0x509AA06: vfprintf (vfprintf.c:1642)
==12268==    by 0x509C67F: buffered_vfprintf (vfprintf.c:2329)
==12268==    by 0x5099725: vfprintf (vfprintf.c:1301)
==12268==    by 0x50A2F25: printf (printf.c:33)
==12268==    by 0x1088BA: main (main.c:27)
==12268== 
==12268== 
==12268== HEAP SUMMARY:
==12268==     in use at exit: 0 bytes in 0 blocks
==12268==   total heap usage: 1 allocs, 1 frees, 1,024 bytes allocated
==12268== 
==12268== All heap blocks were freed -- no leaks are possible
==12268== 
==12268== For counts of detected and suppressed errors, rerun with: -v
==12268== Use --track-origins=yes to see where uninitialised values come from
==12268== ERROR SUMMARY: 402 errors from 153 contexts (suppressed: 0 from 0)
