==8360== Memcheck, a memory error detector
==8360== Copyright (C) 2002-2017, and GNU GPL'd, by Julian Seward et al.
==8360== Using Valgrind-3.13.0 and LibVEX; rerun with -h for copyright info
==8360== Command: /rhome/a/amulalic1/workspace/UUP/T8/Z3/.runme
==8360== Parent PID: 8346
==8360== 
==8360== 
==8360== Process terminating with default action of signal 1 (SIGHUP)
==8360==    at 0x514E081: read (read.c:27)
==8360==    by 0x50CB147: _IO_file_underflow@@GLIBC_2.2.5 (fileops.c:531)
==8360==    by 0x50CC3F1: _IO_default_uflow (genops.c:380)
==8360==    by 0x50A9BE9: _IO_vfscanf (vfscanf.c:630)
==8360==    by 0x50B9FD7: __isoc99_scanf (isoc99_scanf.c:37)
==8360==    by 0x108836: main (main.c:36)
==8360== 
==8360== HEAP SUMMARY:
==8360==     in use at exit: 0 bytes in 0 blocks
==8360==   total heap usage: 1 allocs, 1 frees, 1,024 bytes allocated
==8360== 
==8360== All heap blocks were freed -- no leaks are possible
==8360== 
==8360== For counts of detected and suppressed errors, rerun with: -v
==8360== ERROR SUMMARY: 0 errors from 0 contexts (suppressed: 0 from 0)
