==6242== Memcheck, a memory error detector
==6242== Copyright (C) 2002-2017, and GNU GPL'd, by Julian Seward et al.
==6242== Using Valgrind-3.13.0 and LibVEX; rerun with -h for copyright info
==6242== Command: /rhome/a/amulalic1/workspace/UUP/Z3/Z4/.runme
==6242== Parent PID: 6227
==6242== 
==6242== 
==6242== Process terminating with default action of signal 1 (SIGHUP)
==6242==    at 0x514E081: read (read.c:27)
==6242==    by 0x50CB147: _IO_file_underflow@@GLIBC_2.2.5 (fileops.c:531)
==6242==    by 0x50CC3F1: _IO_default_uflow (genops.c:380)
==6242==    by 0x50A9BE9: _IO_vfscanf (vfscanf.c:630)
==6242==    by 0x50B9FD7: __isoc99_scanf (isoc99_scanf.c:37)
==6242==    by 0x108BAA: main (main.c:96)
==6242== 
==6242== HEAP SUMMARY:
==6242==     in use at exit: 0 bytes in 0 blocks
==6242==   total heap usage: 1 allocs, 1 frees, 1,024 bytes allocated
==6242== 
==6242== All heap blocks were freed -- no leaks are possible
==6242== 
==6242== For counts of detected and suppressed errors, rerun with: -v
==6242== ERROR SUMMARY: 0 errors from 0 contexts (suppressed: 0 from 0)
