==666== Memcheck, a memory error detector
==666== Copyright (C) 2002-2017, and GNU GPL'd, by Julian Seward et al.
==666== Using Valgrind-3.13.0 and LibVEX; rerun with -h for copyright info
==666== Command: /rhome/a/amulalic1/workspace/UUP/T13/Z3/.runme
==666== Parent PID: 653
==666== 
==666== 
==666== Process terminating with default action of signal 15 (SIGTERM)
==666==    at 0x514E081: read (read.c:27)
==666==    by 0x50CB147: _IO_file_underflow@@GLIBC_2.2.5 (fileops.c:531)
==666==    by 0x50CC3F1: _IO_default_uflow (genops.c:380)
==666==    by 0x50A9BE9: _IO_vfscanf (vfscanf.c:630)
==666==    by 0x50B9FD7: __isoc99_scanf (isoc99_scanf.c:37)
==666==    by 0x1089A9: main (main.c:35)
==666== 
==666== HEAP SUMMARY:
==666==     in use at exit: 0 bytes in 0 blocks
==666==   total heap usage: 1 allocs, 1 frees, 1,024 bytes allocated
==666== 
==666== All heap blocks were freed -- no leaks are possible
==666== 
==666== For counts of detected and suppressed errors, rerun with: -v
==666== ERROR SUMMARY: 0 errors from 0 contexts (suppressed: 0 from 0)
