==15470== Memcheck, a memory error detector
==15470== Copyright (C) 2002-2017, and GNU GPL'd, by Julian Seward et al.
==15470== Using Valgrind-3.13.0 and LibVEX; rerun with -h for copyright info
==15470== Command: /rhome/a/amulalic1/workspace/UUP/T1/Z4/.runme
==15470== Parent PID: 15457
==15470== 
==15470== 
==15470== Process terminating with default action of signal 15 (SIGTERM)
==15470==    at 0x514E081: read (read.c:27)
==15470==    by 0x50CB147: _IO_file_underflow@@GLIBC_2.2.5 (fileops.c:531)
==15470==    by 0x50CC3F1: _IO_default_uflow (genops.c:380)
==15470==    by 0x50A9BE9: _IO_vfscanf (vfscanf.c:630)
==15470==    by 0x50B9FD7: __isoc99_scanf (isoc99_scanf.c:37)
==15470==    by 0x108761: main (main.c:10)
==15470== 
==15470== HEAP SUMMARY:
==15470==     in use at exit: 0 bytes in 0 blocks
==15470==   total heap usage: 1 allocs, 1 frees, 1,024 bytes allocated
==15470== 
==15470== All heap blocks were freed -- no leaks are possible
==15470== 
==15470== For counts of detected and suppressed errors, rerun with: -v
==15470== ERROR SUMMARY: 0 errors from 0 contexts (suppressed: 0 from 0)
