==15049== Memcheck, a memory error detector
==15049== Copyright (C) 2002-2017, and GNU GPL'd, by Julian Seward et al.
==15049== Using Valgrind-3.13.0 and LibVEX; rerun with -h for copyright info
==15049== Command: /rhome/a/amulalic1/workspace/UUP/Z3/Z3/.runme
==15049== Parent PID: 15043
==15049== 
==15049== 
==15049== Process terminating with default action of signal 15 (SIGTERM)
==15049==    at 0x514E081: read (read.c:27)
==15049==    by 0x50CB147: _IO_file_underflow@@GLIBC_2.2.5 (fileops.c:531)
==15049==    by 0x50CC3F1: _IO_default_uflow (genops.c:380)
==15049==    by 0x50A9BE9: _IO_vfscanf (vfscanf.c:630)
==15049==    by 0x50B9FD7: __isoc99_scanf (isoc99_scanf.c:37)
==15049==    by 0x108997: main (main.c:81)
==15049== 
==15049== HEAP SUMMARY:
==15049==     in use at exit: 0 bytes in 0 blocks
==15049==   total heap usage: 1 allocs, 1 frees, 1,024 bytes allocated
==15049== 
==15049== All heap blocks were freed -- no leaks are possible
==15049== 
==15049== For counts of detected and suppressed errors, rerun with: -v
==15049== ERROR SUMMARY: 0 errors from 0 contexts (suppressed: 0 from 0)
