==6587== Memcheck, a memory error detector
==6587== Copyright (C) 2002-2017, and GNU GPL'd, by Julian Seward et al.
==6587== Using Valgrind-3.13.0 and LibVEX; rerun with -h for copyright info
==6587== Command: /rhome/a/amulalic1/workspace/UUP/Z2/Z3/.runme
==6587== Parent PID: 6583
==6587== 
==6587== 
==6587== Process terminating with default action of signal 1 (SIGHUP)
==6587==    at 0x514E152: write (write.c:27)
==6587==    by 0x50C91BC: _IO_file_write@@GLIBC_2.2.5 (fileops.c:1203)
==6587==    by 0x50C9B2E: new_do_write (fileops.c:457)
==6587==    by 0x50C9B2E: _IO_file_xsputn@@GLIBC_2.2.5 (fileops.c:1277)
==6587==    by 0x509C706: buffered_vfprintf (vfprintf.c:2350)
==6587==    by 0x5099725: vfprintf (vfprintf.c:1301)
==6587==    by 0x50A2F25: printf (printf.c:33)
==6587==    by 0x10883A: main (main.c:16)
==6587== 
==6587== HEAP SUMMARY:
==6587==     in use at exit: 0 bytes in 0 blocks
==6587==   total heap usage: 1 allocs, 1 frees, 1,024 bytes allocated
==6587== 
==6587== All heap blocks were freed -- no leaks are possible
==6587== 
==6587== For counts of detected and suppressed errors, rerun with: -v
==6587== ERROR SUMMARY: 0 errors from 0 contexts (suppressed: 0 from 0)
