==29127== Memcheck, a memory error detector
==29127== Copyright (C) 2002-2017, and GNU GPL'd, by Julian Seward et al.
==29127== Using Valgrind-3.13.0 and LibVEX; rerun with -h for copyright info
==29127== Command: /rhome/a/amulalic1/workspace/UUP/Z2/Z1/.runme
==29127== Parent PID: 29113
==29127== 
==29127== 
==29127== Process terminating with default action of signal 15 (SIGTERM)
==29127==    at 0x514E081: read (read.c:27)
==29127==    by 0x50CB147: _IO_file_underflow@@GLIBC_2.2.5 (fileops.c:531)
==29127==    by 0x50CC3F1: _IO_default_uflow (genops.c:380)
==29127==    by 0x50A9BE9: _IO_vfscanf (vfscanf.c:630)
==29127==    by 0x50B9FD7: __isoc99_scanf (isoc99_scanf.c:37)
==29127==    by 0x108817: main (main.c:27)
==29127== 
==29127== HEAP SUMMARY:
==29127==     in use at exit: 0 bytes in 0 blocks
==29127==   total heap usage: 1 allocs, 1 frees, 1,024 bytes allocated
==29127== 
==29127== All heap blocks were freed -- no leaks are possible
==29127== 
==29127== For counts of detected and suppressed errors, rerun with: -v
==29127== ERROR SUMMARY: 0 errors from 0 contexts (suppressed: 0 from 0)
