==9692== Memcheck, a memory error detector
==9692== Copyright (C) 2002-2017, and GNU GPL'd, by Julian Seward et al.
==9692== Using Valgrind-3.13.0 and LibVEX; rerun with -h for copyright info
==9692== Command: /rhome/a/amulalic1/workspace/UUP/T2/Z1/.runme
==9692== Parent PID: 9681
==9692== 
==9692== 
==9692== Process terminating with default action of signal 1 (SIGHUP)
==9692==    at 0x514E081: read (read.c:27)
==9692==    by 0x50CB147: _IO_file_underflow@@GLIBC_2.2.5 (fileops.c:531)
==9692==    by 0x50CC3F1: _IO_default_uflow (genops.c:380)
==9692==    by 0x50A9BE9: _IO_vfscanf (vfscanf.c:630)
==9692==    by 0x50B9FD7: __isoc99_scanf (isoc99_scanf.c:37)
==9692==    by 0x1087A9: main (main.c:11)
==9692== 
==9692== HEAP SUMMARY:
==9692==     in use at exit: 0 bytes in 0 blocks
==9692==   total heap usage: 1 allocs, 1 frees, 1,024 bytes allocated
==9692== 
==9692== All heap blocks were freed -- no leaks are possible
==9692== 
==9692== For counts of detected and suppressed errors, rerun with: -v
==9692== ERROR SUMMARY: 0 errors from 0 contexts (suppressed: 0 from 0)
