==13899== Memcheck, a memory error detector
==13899== Copyright (C) 2002-2017, and GNU GPL'd, by Julian Seward et al.
==13899== Using Valgrind-3.13.0 and LibVEX; rerun with -h for copyright info
==13899== Command: /rhome/a/amulalic1/workspace/UUP/T3/Z1/.runme
==13899== Parent PID: 13894
==13899== 
==13899== 
==13899== Process terminating with default action of signal 15 (SIGTERM)
==13899==    at 0x514E081: read (read.c:27)
==13899==    by 0x50CB147: _IO_file_underflow@@GLIBC_2.2.5 (fileops.c:531)
==13899==    by 0x50CC3F1: _IO_default_uflow (genops.c:380)
==13899==    by 0x50A9BE9: _IO_vfscanf (vfscanf.c:630)
==13899==    by 0x50B9FD7: __isoc99_scanf (isoc99_scanf.c:37)
==13899==    by 0x108762: main (main.c:9)
==13899== 
==13899== HEAP SUMMARY:
==13899==     in use at exit: 0 bytes in 0 blocks
==13899==   total heap usage: 1 allocs, 1 frees, 1,024 bytes allocated
==13899== 
==13899== All heap blocks were freed -- no leaks are possible
==13899== 
==13899== For counts of detected and suppressed errors, rerun with: -v
==13899== ERROR SUMMARY: 0 errors from 0 contexts (suppressed: 0 from 0)
