==17567== Memcheck, a memory error detector
==17567== Copyright (C) 2002-2017, and GNU GPL'd, by Julian Seward et al.
==17567== Using Valgrind-3.13.0 and LibVEX; rerun with -h for copyright info
==17567== Command: /rhome/a/amulalic1/workspace/UUP/Z4/Z3/.runme
==17567== Parent PID: 17553
==17567== 
==17567== Use of uninitialised value of size 8
==17567==    at 0x108837: prebrojSlova (main.c:41)
==17567==    by 0x108CD3: max_slog (main.c:125)
==17567==    by 0x108E41: main (main.c:145)
==17567== 
==17567== 
==17567== HEAP SUMMARY:
==17567==     in use at exit: 0 bytes in 0 blocks
==17567==   total heap usage: 0 allocs, 0 frees, 0 bytes allocated
==17567== 
==17567== All heap blocks were freed -- no leaks are possible
==17567== 
==17567== For counts of detected and suppressed errors, rerun with: -v
==17567== Use --track-origins=yes to see where uninitialised values come from
==17567== ERROR SUMMARY: 4 errors from 1 contexts (suppressed: 0 from 0)
